2025-10-13 11:09:35 [32minfo[39m: [32m Serveur démarré sur le port 5000[39m
2025-10-13 11:09:35 [32minfo[39m: [32m Environnement: development[39m
2025-10-13 11:09:35 [32minfo[39m: [32m URL: http://localhost:5000[39m
2025-10-13 11:09:35 [32minfo[39m: [32m Health check: http://localhost:5000/api/v1/health[39m
2025-10-13 11:09:35 [32minfo[39m: [32m MongoDB connecté: localhost[39m
2025-10-13 11:10:14 [32minfo[39m: [32m Serveur démarré sur le port 5000[39m
2025-10-13 11:10:14 [32minfo[39m: [32m Environnement: development[39m
2025-10-13 11:10:14 [32minfo[39m: [32m URL: http://localhost:5000[39m
2025-10-13 11:10:14 [32minfo[39m: [32m Health check: http://localhost:5000/api/v1/health[39m
2025-10-13 11:10:14 [32minfo[39m: [32m MongoDB connecté: localhost[39m
2025-10-13 11:10:41 [32minfo[39m: [32m Serveur démarré sur le port 5000[39m
2025-10-13 11:10:41 [32minfo[39m: [32m Environnement: development[39m
2025-10-13 11:10:41 [32minfo[39m: [32m URL: http://localhost:5000[39m
2025-10-13 11:10:41 [32minfo[39m: [32m Health check: http://localhost:5000/api/v1/health[39m
2025-10-13 11:10:41 [32minfo[39m: [32m MongoDB connecté: localhost[39m
2025-10-13 13:09:06 [31merror[39m: [31mRoute non trouvée: /inscription[39m
2025-10-13 13:09:49 [31merror[39m: [31mRoute non trouvée: /inscription[39m
2025-10-13 13:13:38 [31merror[39m: [31mRoute non trouvée: /favicon.ico[39m
2025-10-13 13:13:56 [31merror[39m: [31mRoute non trouvée: /index.html[39m
2025-10-13 13:14:24 [31merror[39m: [31mRoute non trouvée: /inscription[39m
2025-10-13 13:20:20 [31merror[39m: [31mRoute non trouvée: /inscription[39m
2025-10-13 13:21:26 [31merror[39m: [31mRoute non trouvée: /inscription[39m
2025-10-13 13:22:10 [31merror[39m: [31mRoute non trouvée: /inscription[39m
2025-10-13 13:22:41 [31merror[39m: [31mRoute non trouvée: /inscription[39m
2025-10-13 13:22:51 [31merror[39m: [31mRoute non trouvée: /inscription[39m
2025-10-13 20:00:02 [32minfo[39m: [32m Serveur démarré sur le port 5000[39m
2025-10-13 20:00:02 [32minfo[39m: [32m Environnement: development[39m
2025-10-13 20:00:02 [32minfo[39m: [32m URL: http://localhost:5000[39m
2025-10-13 20:00:02 [32minfo[39m: [32m Health check: http://localhost:5000/api/v1/health[39m
2025-10-13 20:00:02 [32minfo[39m: [32m MongoDB connecté: localhost[39m
2025-10-16 14:28:48 [33mwarn[39m: [33m MongoDB déconnecté[39m
2025-10-16 18:28:34 [33mwarn[39m: [33m MongoDB déconnecté[39m
2025-10-17 10:48:28 [33mwarn[39m: [33m MongoDB déconnecté[39m
2025-10-19 15:49:05 [32minfo[39m: [32m Serveur démarré sur le port 5000[39m
2025-10-19 15:49:05 [32minfo[39m: [32m Environnement: development[39m
2025-10-19 15:49:05 [32minfo[39m: [32m URL: http://localhost:5000[39m
2025-10-19 15:49:05 [32minfo[39m: [32m Health check: http://localhost:5000/api/v1/health[39m
2025-10-19 15:49:05 [32minfo[39m: [32m MongoDB connecté: localhost[39m
2025-10-19 15:49:13 [31merror[39m: [31mRoute non trouvée: /favicon.ico[39m
2025-10-19 15:49:19 [31merror[39m: [31mRoute non trouvée: /favicon.ico[39m
2025-10-19 15:49:41 [31merror[39m: [31mRoute non trouvée: /api/v1/health/google/callback[39m
2025-10-19 16:00:30 [32minfo[39m: [32m Serveur démarré sur le port 5000[39m
2025-10-19 16:00:30 [32minfo[39m: [32m Environnement: development[39m
2025-10-19 16:00:30 [32minfo[39m: [32m URL: http://localhost:5000[39m
2025-10-19 16:00:30 [32minfo[39m: [32m Health check: http://localhost:5000/api/v1/health[39m
2025-10-19 16:00:30 [32minfo[39m: [32m MongoDB connecté: localhost[39m
2025-10-19 16:12:55 [32minfo[39m: [32m Serveur démarré sur le port 5000[39m
2025-10-19 16:12:55 [32minfo[39m: [32m Environnement: development[39m
2025-10-19 16:12:55 [32minfo[39m: [32m URL: http://localhost:5000[39m
2025-10-19 16:12:55 [32minfo[39m: [32m Health check: http://localhost:5000/api/v1/health[39m
2025-10-19 16:12:55 [32minfo[39m: [32m MongoDB connecté: localhost[39m
2025-10-19 16:18:34 [32minfo[39m: [32m Serveur démarré sur le port 5000[39m
2025-10-19 16:18:34 [32minfo[39m: [32m Environnement: development[39m
2025-10-19 16:18:34 [32minfo[39m: [32m URL: http://localhost:5000[39m
2025-10-19 16:18:34 [32minfo[39m: [32m Health check: http://localhost:5000/api/v1/health[39m
2025-10-19 16:18:34 [32minfo[39m: [32m MongoDB connecté: localhost[39m
2025-10-19 16:21:54 [32minfo[39m: [32m Serveur démarré sur le port 5000[39m
2025-10-19 16:21:54 [32minfo[39m: [32m Environnement: development[39m
2025-10-19 16:21:54 [32minfo[39m: [32m URL: http://localhost:5000[39m
2025-10-19 16:21:54 [32minfo[39m: [32m Health check: http://localhost:5000/api/v1/health[39m
2025-10-19 16:21:54 [32minfo[39m: [32m MongoDB connecté: localhost[39m
2025-10-19 16:23:06 [32minfo[39m: [32m Serveur démarré sur le port 5000[39m
2025-10-19 16:23:06 [32minfo[39m: [32m Environnement: development[39m
2025-10-19 16:23:06 [32minfo[39m: [32m URL: http://localhost:5000[39m
2025-10-19 16:23:06 [32minfo[39m: [32m Health check: http://localhost:5000/api/v1/health[39m
2025-10-19 16:23:06 [32minfo[39m: [32m MongoDB connecté: localhost[39m
2025-10-19 16:24:39 [32minfo[39m: [32m Serveur démarré sur le port 5000[39m
2025-10-19 16:24:39 [32minfo[39m: [32m Environnement: development[39m
2025-10-19 16:24:39 [32minfo[39m: [32m URL: http://localhost:5000[39m
2025-10-19 16:24:39 [32minfo[39m: [32m Health check: http://localhost:5000/api/v1/health[39m
2025-10-19 16:24:39 [32minfo[39m: [32m MongoDB connecté: localhost[39m
2025-10-19 16:24:41 [32minfo[39m: [32m Serveur démarré sur le port 5000[39m
2025-10-19 16:24:41 [32minfo[39m: [32m Environnement: development[39m
2025-10-19 16:24:41 [32minfo[39m: [32m URL: http://localhost:5000[39m
2025-10-19 16:24:41 [32minfo[39m: [32m Health check: http://localhost:5000/api/v1/health[39m
2025-10-19 16:24:41 [32minfo[39m: [32m MongoDB connecté: localhost[39m
2025-10-19 16:24:55 [32minfo[39m: [32m Serveur démarré sur le port 5000[39m
2025-10-19 16:24:55 [32minfo[39m: [32m Environnement: development[39m
2025-10-19 16:24:55 [32minfo[39m: [32m URL: http://localhost:5000[39m
2025-10-19 16:24:55 [32minfo[39m: [32m Health check: http://localhost:5000/api/v1/health[39m
2025-10-19 16:24:55 [32minfo[39m: [32m MongoDB connecté: localhost[39m
2025-10-19 16:25:44 [32minfo[39m: [32m Serveur démarré sur le port 5000[39m
2025-10-19 16:25:44 [32minfo[39m: [32m Environnement: development[39m
2025-10-19 16:25:44 [32minfo[39m: [32m URL: http://localhost:5000[39m
2025-10-19 16:25:44 [32minfo[39m: [32m Health check: http://localhost:5000/api/v1/health[39m
2025-10-19 16:25:44 [32minfo[39m: [32m MongoDB connecté: localhost[39m
2025-10-19 16:25:54 [32minfo[39m: [32m Serveur démarré sur le port 5000[39m
2025-10-19 16:25:54 [32minfo[39m: [32m Environnement: development[39m
2025-10-19 16:25:54 [32minfo[39m: [32m URL: http://localhost:5000[39m
2025-10-19 16:25:54 [32minfo[39m: [32m Health check: http://localhost:5000/api/v1/health[39m
2025-10-19 16:25:54 [32minfo[39m: [32m MongoDB connecté: localhost[39m
2025-10-19 16:26:11 [32minfo[39m: [32m Serveur démarré sur le port 5000[39m
2025-10-19 16:26:11 [32minfo[39m: [32m Environnement: development[39m
2025-10-19 16:26:11 [32minfo[39m: [32m URL: http://localhost:5000[39m
2025-10-19 16:26:11 [32minfo[39m: [32m Health check: http://localhost:5000/api/v1/health[39m
2025-10-19 16:26:11 [32minfo[39m: [32m MongoDB connecté: localhost[39m
2025-10-19 16:26:52 [32minfo[39m: [32m Serveur démarré sur le port 5000[39m
2025-10-19 16:26:52 [32minfo[39m: [32m Environnement: development[39m
2025-10-19 16:26:52 [32minfo[39m: [32m URL: http://localhost:5000[39m
2025-10-19 16:26:52 [32minfo[39m: [32m Health check: http://localhost:5000/api/v1/health[39m
2025-10-19 16:26:52 [32minfo[39m: [32m MongoDB connecté: localhost[39m
2025-10-19 16:27:09 [32minfo[39m: [32m Serveur démarré sur le port 5000[39m
2025-10-19 16:27:09 [32minfo[39m: [32m Environnement: development[39m
2025-10-19 16:27:09 [32minfo[39m: [32m URL: http://localhost:5000[39m
2025-10-19 16:27:09 [32minfo[39m: [32m Health check: http://localhost:5000/api/v1/health[39m
2025-10-19 16:27:09 [32minfo[39m: [32m MongoDB connecté: localhost[39m
2025-10-19 16:27:21 [32minfo[39m: [32m Serveur démarré sur le port 5000[39m
2025-10-19 16:27:21 [32minfo[39m: [32m Environnement: development[39m
2025-10-19 16:27:21 [32minfo[39m: [32m URL: http://localhost:5000[39m
2025-10-19 16:27:21 [32minfo[39m: [32m Health check: http://localhost:5000/api/v1/health[39m
2025-10-19 16:27:21 [32minfo[39m: [32m MongoDB connecté: localhost[39m
2025-10-19 16:27:33 [32minfo[39m: [32m Serveur démarré sur le port 5000[39m
2025-10-19 16:27:33 [32minfo[39m: [32m Environnement: development[39m
2025-10-19 16:27:33 [32minfo[39m: [32m URL: http://localhost:5000[39m
2025-10-19 16:27:33 [32minfo[39m: [32m Health check: http://localhost:5000/api/v1/health[39m
2025-10-19 16:27:33 [32minfo[39m: [32m MongoDB connecté: localhost[39m
2025-10-19 16:28:01 [32minfo[39m: [32m Serveur démarré sur le port 5000[39m
2025-10-19 16:28:01 [32minfo[39m: [32m Environnement: development[39m
2025-10-19 16:28:01 [32minfo[39m: [32m URL: http://localhost:5000[39m
2025-10-19 16:28:01 [32minfo[39m: [32m Health check: http://localhost:5000/api/v1/health[39m
2025-10-19 16:28:02 [32minfo[39m: [32m MongoDB connecté: localhost[39m
2025-10-19 16:34:57 [31merror[39m: [31mRoute non trouvée: /favicon.ico[39m
2025-10-19 16:35:04 [31merror[39m: [31mRoute non trouvée: /.well-known/appspecific/com.chrome.devtools.json[39m
2025-10-19 16:35:23 [31merror[39m: [31mRoute non trouvée: /.well-known/appspecific/com.chrome.devtools.json[39m
2025-10-19 16:35:24 [31merror[39m: [31mRoute non trouvée: /.well-known/appspecific/com.chrome.devtools.json[39m
2025-10-19 16:37:03 [32minfo[39m: [32m Serveur démarré sur le port 5000[39m
2025-10-19 16:37:03 [32minfo[39m: [32m Environnement: development[39m
2025-10-19 16:37:03 [32minfo[39m: [32m URL: http://localhost:5000[39m
2025-10-19 16:37:03 [32minfo[39m: [32m Health check: http://localhost:5000/api/v1/health[39m
2025-10-19 16:37:03 [32minfo[39m: [32m MongoDB connecté: localhost[39m
2025-10-19 16:37:05 [32minfo[39m: [32m Serveur démarré sur le port 5000[39m
2025-10-19 16:37:05 [32minfo[39m: [32m Environnement: development[39m
2025-10-19 16:37:05 [32minfo[39m: [32m URL: http://localhost:5000[39m
2025-10-19 16:37:05 [32minfo[39m: [32m Health check: http://localhost:5000/api/v1/health[39m
2025-10-19 16:37:05 [32minfo[39m: [32m MongoDB connecté: localhost[39m
2025-10-19 16:38:01 [32minfo[39m: [32m Serveur démarré sur le port 5000[39m
2025-10-19 16:38:01 [32minfo[39m: [32m Environnement: development[39m
2025-10-19 16:38:01 [32minfo[39m: [32m URL: http://localhost:5000[39m
2025-10-19 16:38:01 [32minfo[39m: [32m Health check: http://localhost:5000/api/v1/health[39m
2025-10-19 16:38:01 [32minfo[39m: [32m MongoDB connecté: localhost[39m
2025-10-19 16:38:03 [31merror[39m: [31mRoute non trouvée: /.well-known/appspecific/com.chrome.devtools.json[39m
2025-10-19 16:38:09 [31merror[39m: [31mRoute non trouvée: /.well-known/appspecific/com.chrome.devtools.json[39m
2025-10-19 16:38:09 [31merror[39m: [31mRoute non trouvée: /.well-known/appspecific/com.chrome.devtools.json[39m
2025-10-19 16:48:19 [32minfo[39m: [32m Serveur démarré sur le port 5000[39m
2025-10-19 16:48:19 [32minfo[39m: [32m Environnement: development[39m
2025-10-19 16:48:19 [32minfo[39m: [32m URL: http://localhost:5000[39m
2025-10-19 16:48:19 [32minfo[39m: [32m Health check: http://localhost:5000/api/v1/health[39m
2025-10-19 16:48:19 [32minfo[39m: [32m MongoDB connecté: localhost[39m
2025-10-19 16:48:32 [32minfo[39m: [32m Serveur démarré sur le port 5000[39m
2025-10-19 16:48:32 [32minfo[39m: [32m Environnement: development[39m
2025-10-19 16:48:32 [32minfo[39m: [32m URL: http://localhost:5000[39m
2025-10-19 16:48:32 [32minfo[39m: [32m Health check: http://localhost:5000/api/v1/health[39m
2025-10-19 16:48:32 [32minfo[39m: [32m MongoDB connecté: localhost[39m
2025-10-19 16:58:04 [32minfo[39m: [32m Serveur démarré sur le port 5000[39m
2025-10-19 16:58:04 [32minfo[39m: [32m Environnement: development[39m
2025-10-19 16:58:04 [32minfo[39m: [32m URL: http://localhost:5000[39m
2025-10-19 16:58:04 [32minfo[39m: [32m Health check: http://localhost:5000/api/v1/health[39m
2025-10-19 16:58:04 [32minfo[39m: [32m MongoDB connecté: localhost[39m
2025-10-19 17:02:43 [32minfo[39m: [32m Serveur démarré sur le port 5000[39m
2025-10-19 17:02:43 [32minfo[39m: [32m Environnement: development[39m
2025-10-19 17:02:43 [32minfo[39m: [32m URL: http://localhost:5000[39m
2025-10-19 17:02:43 [32minfo[39m: [32m Health check: http://localhost:5000/api/v1/health[39m
2025-10-19 17:02:43 [32minfo[39m: [32m MongoDB connecté: localhost[39m
2025-10-19 17:07:58 [32minfo[39m: [32m Serveur démarré sur le port 5000[39m
2025-10-19 17:07:58 [32minfo[39m: [32m Environnement: development[39m
2025-10-19 17:07:58 [32minfo[39m: [32m URL: http://localhost:5000[39m
2025-10-19 17:07:58 [32minfo[39m: [32m Health check: http://localhost:5000/api/v1/health[39m
2025-10-19 17:07:58 [32minfo[39m: [32m MongoDB connecté: localhost[39m
2025-10-19 19:03:41 [32minfo[39m: [32m Serveur démarré sur le port 5000[39m
2025-10-19 19:03:41 [32minfo[39m: [32m Environnement: development[39m
2025-10-19 19:03:41 [32minfo[39m: [32m URL: http://localhost:5000[39m
2025-10-19 19:03:41 [32minfo[39m: [32m Health check: http://localhost:5000/api/v1/health[39m
2025-10-19 19:03:41 [32minfo[39m: [32m MongoDB connecté: localhost[39m
2025-10-19 19:03:57 [31merror[39m: [31mRoute non trouvée: /api/v1/auth/facebook/callback[39m
2025-10-19 19:04:15 [31merror[39m: [31mRoute non trouvée: /api/v1/auth/facebook[39m
2025-10-19 19:04:17 [31merror[39m: [31mRoute non trouvée: /api/v1/auth/facebook[39m
2025-10-19 19:04:37 [31merror[39m: [31mRoute non trouvée: /api/v1/auth/facebook[39m
2025-10-19 19:04:53 [31merror[39m: [31mRoute non trouvée: /favicon.ico[39m
2025-10-19 19:05:34 [31merror[39m: [31mRoute non trouvée: /api/v1/auth/facebook[39m
2025-10-19 19:08:14 [31merror[39m: [31mRoute non trouvée: /api/v1/auth/facebook[39m
2025-10-19 19:08:41 [32minfo[39m: [32m Serveur démarré sur le port 5000[39m
2025-10-19 19:08:41 [32minfo[39m: [32m Environnement: development[39m
2025-10-19 19:08:41 [32minfo[39m: [32m URL: http://localhost:5000[39m
2025-10-19 19:08:41 [32minfo[39m: [32m Health check: http://localhost:5000/api/v1/health[39m
2025-10-19 19:08:41 [32minfo[39m: [32m MongoDB connecté: localhost[39m
2025-10-19 19:08:44 [32minfo[39m: [32m Serveur démarré sur le port 5000[39m
2025-10-19 19:08:44 [32minfo[39m: [32m Environnement: development[39m
2025-10-19 19:08:44 [32minfo[39m: [32m URL: http://localhost:5000[39m
2025-10-19 19:08:44 [32minfo[39m: [32m Health check: http://localhost:5000/api/v1/health[39m
2025-10-19 19:08:44 [32minfo[39m: [32m MongoDB connecté: localhost[39m
2025-10-19 19:08:48 [31merror[39m: [31mRoute non trouvée: /api/v1/auth/facebook[39m
2025-10-19 19:09:15 [32minfo[39m: [32m Serveur démarré sur le port 5000[39m
2025-10-19 19:09:15 [32minfo[39m: [32m Environnement: development[39m
2025-10-19 19:09:15 [32minfo[39m: [32m URL: http://localhost:5000[39m
2025-10-19 19:09:15 [32minfo[39m: [32m Health check: http://localhost:5000/api/v1/health[39m
2025-10-19 19:09:15 [32minfo[39m: [32m MongoDB connecté: localhost[39m
2025-10-19 19:09:16 [32minfo[39m: [32m Serveur démarré sur le port 5000[39m
2025-10-19 19:09:16 [32minfo[39m: [32m Environnement: development[39m
2025-10-19 19:09:16 [32minfo[39m: [32m URL: http://localhost:5000[39m
2025-10-19 19:09:16 [32minfo[39m: [32m Health check: http://localhost:5000/api/v1/health[39m
2025-10-19 19:09:17 [32minfo[39m: [32m MongoDB connecté: localhost[39m
2025-10-19 19:09:24 [31merror[39m: [31mRoute non trouvée: /api/v1/auth/login[39m
2025-10-19 19:14:55 [32minfo[39m: [32m Serveur démarré sur le port 5000[39m
2025-10-19 19:14:55 [32minfo[39m: [32m Environnement: development[39m
2025-10-19 19:14:55 [32minfo[39m: [32m URL: http://localhost:5000[39m
2025-10-19 19:14:55 [32minfo[39m: [32m Health check: http://localhost:5000/api/v1/health[39m
2025-10-19 19:14:55 [32minfo[39m: [32m MongoDB connecté: localhost[39m
2025-10-19 19:15:45 [32minfo[39m: [32mNouvel utilisateur Facebook créé : yousseflaribi2004@gmail.com[39m
2025-10-19 19:17:48 [32minfo[39m: [32mNouvel utilisateur Google créé : yousseflaribi10@gmail.com[39m
2025-10-19 19:28:50 [32minfo[39m: [32m Serveur démarré sur le port 5000[39m
2025-10-19 19:28:50 [32minfo[39m: [32m Environnement: development[39m
2025-10-19 19:28:50 [32minfo[39m: [32m URL: http://localhost:5000[39m
2025-10-19 19:28:50 [32minfo[39m: [32m Health check: http://localhost:5000/api/v1/health[39m
2025-10-19 19:28:50 [32minfo[39m: [32m MongoDB connecté: localhost[39m
2025-10-19 19:29:00 [32minfo[39m: [32mUtilisateur Google existant : yousseflaribi10@gmail.com[39m
2025-10-19 19:29:09 [32minfo[39m: [32mUtilisateur Google existant : yousseflaribi10@gmail.com[39m
2025-10-20 11:26:28 [32minfo[39m: [32m Serveur démarré sur le port 5000[39m
2025-10-20 11:26:28 [32minfo[39m: [32m Environnement: development[39m
2025-10-20 11:26:28 [32minfo[39m: [32m URL: http://localhost:5000[39m
2025-10-20 11:26:28 [32minfo[39m: [32m Health check: http://localhost:5000/api/v1/health[39m
2025-10-20 11:26:28 [32minfo[39m: [32m MongoDB connecté: localhost[39m
2025-10-20 11:27:30 [31merror[39m: [31mRoute non trouvée: /favicon.ico[39m
2025-10-20 11:28:15 [32minfo[39m: [32mUtilisateur Google existant : yousseflaribi10@gmail.com[39m
2025-10-20 11:28:53 [32minfo[39m: [32m Serveur démarré sur le port 5000[39m
2025-10-20 11:28:53 [32minfo[39m: [32m Environnement: development[39m
2025-10-20 11:28:53 [32minfo[39m: [32m URL: http://localhost:5000[39m
2025-10-20 11:28:53 [32minfo[39m: [32m Health check: http://localhost:5000/api/v1/health[39m
2025-10-20 11:28:53 [32minfo[39m: [32m MongoDB connecté: localhost[39m
2025-10-20 11:29:03 [32minfo[39m: [32mUtilisateur Facebook existant : yousseflaribi2004@gmail.com[39m
2025-10-23 20:44:38 [32minfo[39m: [32m Serveur démarré sur le port 5000[39m
2025-10-23 20:44:38 [32minfo[39m: [32m Environnement: development[39m
2025-10-23 20:44:38 [32minfo[39m: [32m URL: http://localhost:5000[39m
2025-10-23 20:44:38 [32minfo[39m: [32m Health check: http://localhost:5000/api/v1/health[39m
2025-10-23 20:44:38 [32minfo[39m: [32m MongoDB connecté: localhost[39m
2025-11-08 13:27:45 [32minfo[39m: [32m Serveur démarré sur le port 5000[39m
2025-11-08 13:27:45 [32minfo[39m: [32m Environnement: development[39m
2025-11-08 13:27:45 [32minfo[39m: [32m URL: http://localhost:5000[39m
2025-11-08 13:27:45 [32minfo[39m: [32m Health check: http://localhost:5000/api/v1/health[39m
2025-11-08 13:27:45 [32minfo[39m: [32m MongoDB connecté: localhost[39m
2025-11-08 13:28:01 [31merror[39m: [31mAccès refusé. Token manquant[39m
2025-11-08 13:29:38 [31merror[39m: [31mLe mot de passe doit contenir au moins 6 caractères, Le mot de passe doit contenir au moins une majuscule, une minuscule et un chiffre[39m
2025-11-08 13:29:44 [31merror[39m: [31mLe mot de passe doit contenir au moins une majuscule, une minuscule et un chiffre[39m
2025-11-08 13:29:53 [32minfo[39m: [32mNouvel utilisateur créé: ali@gmail.com[39m
2025-11-08 13:30:30 [32minfo[39m: [32mConnexion réussie: ali@gmail.com[39m
2025-11-08 13:32:27 [31merror[39m: [31mL'email est requis, Email invalide, Le mot de passe est requis[39m
2025-11-08 13:34:10 [31merror[39m: [31mFormat audio invalide (wav/mp3/ogg)[39m
2025-11-08 13:36:25 [32minfo[39m: [32m Serveur démarré sur le port 5000[39m
2025-11-08 13:36:25 [32minfo[39m: [32m Environnement: development[39m
2025-11-08 13:36:25 [32minfo[39m: [32m URL: http://localhost:5000[39m
2025-11-08 13:36:25 [32minfo[39m: [32m Health check: http://localhost:5000/api/v1/health[39m
2025-11-08 13:36:25 [32minfo[39m: [32m MongoDB connecté: localhost[39m
2025-11-08 13:36:29 [32minfo[39m: [32m Serveur démarré sur le port 5000[39m
2025-11-08 13:36:29 [32minfo[39m: [32m Environnement: development[39m
2025-11-08 13:36:29 [32minfo[39m: [32m URL: http://localhost:5000[39m
2025-11-08 13:36:29 [32minfo[39m: [32m Health check: http://localhost:5000/api/v1/health[39m
2025-11-08 13:36:29 [32minfo[39m: [32m MongoDB connecté: localhost[39m
2025-11-08 13:37:06 [32minfo[39m: [32m Serveur démarré sur le port 5000[39m
2025-11-08 13:37:06 [32minfo[39m: [32m Environnement: development[39m
2025-11-08 13:37:06 [32minfo[39m: [32m URL: http://localhost:5000[39m
2025-11-08 13:37:06 [32minfo[39m: [32m Health check: http://localhost:5000/api/v1/health[39m
2025-11-08 13:37:06 [32minfo[39m: [32m MongoDB connecté: localhost[39m
2025-11-08 13:37:07 [32minfo[39m: [32m Serveur démarré sur le port 5000[39m
2025-11-08 13:37:07 [32minfo[39m: [32m Environnement: development[39m
2025-11-08 13:37:07 [32minfo[39m: [32m URL: http://localhost:5000[39m
2025-11-08 13:37:07 [32minfo[39m: [32m Health check: http://localhost:5000/api/v1/health[39m
2025-11-08 13:37:07 [32minfo[39m: [32m MongoDB connecté: localhost[39m
2025-11-08 13:37:09 [32minfo[39m: [32m Serveur démarré sur le port 5000[39m
2025-11-08 13:37:09 [32minfo[39m: [32m Environnement: development[39m
2025-11-08 13:37:09 [32minfo[39m: [32m URL: http://localhost:5000[39m
2025-11-08 13:37:09 [32minfo[39m: [32m Health check: http://localhost:5000/api/v1/health[39m
2025-11-08 13:37:09 [32minfo[39m: [32m MongoDB connecté: localhost[39m
2025-11-08 14:05:33 [32minfo[39m: [32m Serveur démarré sur le port 5000[39m
2025-11-08 14:05:33 [32minfo[39m: [32m Environnement: development[39m
2025-11-08 14:05:33 [32minfo[39m: [32m URL: http://localhost:5000[39m
2025-11-08 14:05:33 [32minfo[39m: [32m Health check: http://localhost:5000/api/v1/health[39m
2025-11-08 14:05:33 [32minfo[39m: [32m MongoDB connecté: localhost[39m
2025-11-08 14:05:40 [32minfo[39m: [32m Serveur démarré sur le port 5000[39m
2025-11-08 14:05:40 [32minfo[39m: [32m Environnement: development[39m
2025-11-08 14:05:40 [32minfo[39m: [32m URL: http://localhost:5000[39m
2025-11-08 14:05:40 [32minfo[39m: [32m Health check: http://localhost:5000/api/v1/health[39m
2025-11-08 14:05:40 [32minfo[39m: [32m MongoDB connecté: localhost[39m
2025-11-08 14:05:45 [32minfo[39m: [32m Serveur démarré sur le port 5000[39m
2025-11-08 14:05:45 [32minfo[39m: [32m Environnement: development[39m
2025-11-08 14:05:45 [32minfo[39m: [32m URL: http://localhost:5000[39m
2025-11-08 14:05:45 [32minfo[39m: [32m Health check: http://localhost:5000/api/v1/health[39m
2025-11-08 14:05:45 [32minfo[39m: [32m MongoDB connecté: localhost[39m
2025-11-08 14:05:58 [32minfo[39m: [32m Serveur démarré sur le port 5000[39m
2025-11-08 14:05:58 [32minfo[39m: [32m Environnement: development[39m
2025-11-08 14:05:58 [32minfo[39m: [32m URL: http://localhost:5000[39m
2025-11-08 14:05:58 [32minfo[39m: [32m Health check: http://localhost:5000/api/v1/health[39m
2025-11-08 14:05:58 [32minfo[39m: [32m MongoDB connecté: localhost[39m
2025-11-08 14:06:02 [32minfo[39m: [32m Serveur démarré sur le port 5000[39m
2025-11-08 14:06:02 [32minfo[39m: [32m Environnement: development[39m
2025-11-08 14:06:02 [32minfo[39m: [32m URL: http://localhost:5000[39m
2025-11-08 14:06:02 [32minfo[39m: [32m Health check: http://localhost:5000/api/v1/health[39m
2025-11-08 14:06:02 [32minfo[39m: [32m MongoDB connecté: localhost[39m
2025-11-08 14:06:04 [32minfo[39m: [32m Serveur démarré sur le port 5000[39m
2025-11-08 14:06:04 [32minfo[39m: [32m Environnement: development[39m
2025-11-08 14:06:04 [32minfo[39m: [32m URL: http://localhost:5000[39m
2025-11-08 14:06:04 [32minfo[39m: [32m Health check: http://localhost:5000/api/v1/health[39m
2025-11-08 14:06:04 [32minfo[39m: [32m MongoDB connecté: localhost[39m
2025-11-08 15:20:26 [32minfo[39m: [32m Serveur démarré sur le port 5000[39m
2025-11-08 15:20:26 [32minfo[39m: [32m Environnement: development[39m
2025-11-08 15:20:26 [32minfo[39m: [32m URL: http://localhost:5000[39m
2025-11-08 15:20:26 [32minfo[39m: [32m Health check: http://localhost:5000/api/v1/health[39m
2025-11-08 15:20:26 [32minfo[39m: [32m MongoDB connecté: localhost[39m
2025-11-08 15:20:30 [32minfo[39m: [32m Serveur démarré sur le port 5000[39m
2025-11-08 15:20:30 [32minfo[39m: [32m Environnement: development[39m
2025-11-08 15:20:30 [32minfo[39m: [32m URL: http://localhost:5000[39m
2025-11-08 15:20:30 [32minfo[39m: [32m Health check: http://localhost:5000/api/v1/health[39m
2025-11-08 15:20:30 [32minfo[39m: [32m MongoDB connecté: localhost[39m
2025-11-08 15:20:57 [32minfo[39m: [32m Serveur démarré sur le port 5000[39m
2025-11-08 15:20:57 [32minfo[39m: [32m Environnement: development[39m
2025-11-08 15:20:57 [32minfo[39m: [32m URL: http://localhost:5000[39m
2025-11-08 15:20:57 [32minfo[39m: [32m Health check: http://localhost:5000/api/v1/health[39m
2025-11-08 15:20:57 [32minfo[39m: [32m MongoDB connecté: localhost[39m
2025-11-08 15:21:00 [32minfo[39m: [32m Serveur démarré sur le port 5000[39m
2025-11-08 15:21:00 [32minfo[39m: [32m Environnement: development[39m
2025-11-08 15:21:00 [32minfo[39m: [32m URL: http://localhost:5000[39m
2025-11-08 15:21:00 [32minfo[39m: [32m Health check: http://localhost:5000/api/v1/health[39m
2025-11-08 15:21:00 [32minfo[39m: [32m MongoDB connecté: localhost[39m
2025-11-08 15:21:14 [32minfo[39m: [32m Serveur démarré sur le port 5000[39m
2025-11-08 15:21:14 [32minfo[39m: [32m Environnement: development[39m
2025-11-08 15:21:14 [32minfo[39m: [32m URL: http://localhost:5000[39m
2025-11-08 15:21:14 [32minfo[39m: [32m Health check: http://localhost:5000/api/v1/health[39m
2025-11-08 15:21:14 [32minfo[39m: [32m MongoDB connecté: localhost[39m
2025-11-08 15:21:16 [32minfo[39m: [32m Serveur démarré sur le port 5000[39m
2025-11-08 15:21:16 [32minfo[39m: [32m Environnement: development[39m
2025-11-08 15:21:16 [32minfo[39m: [32m URL: http://localhost:5000[39m
2025-11-08 15:21:16 [32minfo[39m: [32m Health check: http://localhost:5000/api/v1/health[39m
2025-11-08 15:21:16 [32minfo[39m: [32m MongoDB connecté: localhost[39m
2025-11-08 15:21:20 [32minfo[39m: [32m Serveur démarré sur le port 5000[39m
2025-11-08 15:21:20 [32minfo[39m: [32m Environnement: development[39m
2025-11-08 15:21:20 [32minfo[39m: [32m URL: http://localhost:5000[39m
2025-11-08 15:21:20 [32minfo[39m: [32m Health check: http://localhost:5000/api/v1/health[39m
2025-11-08 15:21:20 [32minfo[39m: [32m MongoDB connecté: localhost[39m
2025-11-08 15:21:24 [32minfo[39m: [32m Serveur démarré sur le port 5000[39m
2025-11-08 15:21:24 [32minfo[39m: [32m Environnement: development[39m
2025-11-08 15:21:24 [32minfo[39m: [32m URL: http://localhost:5000[39m
2025-11-08 15:21:24 [32minfo[39m: [32m Health check: http://localhost:5000/api/v1/health[39m
2025-11-08 15:21:24 [32minfo[39m: [32m MongoDB connecté: localhost[39m
2025-11-08 15:21:26 [32minfo[39m: [32m Serveur démarré sur le port 5000[39m
2025-11-08 15:21:26 [32minfo[39m: [32m Environnement: development[39m
2025-11-08 15:21:26 [32minfo[39m: [32m URL: http://localhost:5000[39m
2025-11-08 15:21:26 [32minfo[39m: [32m Health check: http://localhost:5000/api/v1/health[39m
2025-11-08 15:21:26 [32minfo[39m: [32m MongoDB connecté: localhost[39m
2025-11-08 15:21:42 [32minfo[39m: [32m Serveur démarré sur le port 5000[39m
2025-11-08 15:21:42 [32minfo[39m: [32m Environnement: development[39m
2025-11-08 15:21:42 [32minfo[39m: [32m URL: http://localhost:5000[39m
2025-11-08 15:21:42 [32minfo[39m: [32m Health check: http://localhost:5000/api/v1/health[39m
2025-11-08 15:21:42 [32minfo[39m: [32m MongoDB connecté: localhost[39m
2025-11-08 15:24:14 [32minfo[39m: [32m Serveur démarré sur le port 5000[39m
2025-11-08 15:24:14 [32minfo[39m: [32m Environnement: development[39m
2025-11-08 15:24:14 [32minfo[39m: [32m URL: http://localhost:5000[39m
2025-11-08 15:24:14 [32minfo[39m: [32m Health check: http://localhost:5000/api/v1/health[39m
2025-11-08 15:24:14 [32minfo[39m: [32m MongoDB connecté: localhost[39m
2025-11-08 15:26:08 [31merror[39m: [31mRoute non trouvée: /favicon.ico[39m
2025-11-08 15:26:17 [31merror[39m: [31mRoute non trouvée: /api/v1/billing/checkout[39m
2025-11-08 15:26:49 [32minfo[39m: [32m Serveur démarré sur le port 5000[39m
2025-11-08 15:26:49 [32minfo[39m: [32m Environnement: development[39m
2025-11-08 15:26:49 [32minfo[39m: [32m URL: http://localhost:5000[39m
2025-11-08 15:26:49 [32minfo[39m: [32m Health check: http://localhost:5000/api/v1/health[39m
2025-11-08 15:26:49 [32minfo[39m: [32m MongoDB connecté: localhost[39m
2025-11-08 15:26:50 [32minfo[39m: [32m Serveur démarré sur le port 5000[39m
2025-11-08 15:26:50 [32minfo[39m: [32m Environnement: development[39m
2025-11-08 15:26:50 [32minfo[39m: [32m URL: http://localhost:5000[39m
2025-11-08 15:26:50 [32minfo[39m: [32m Health check: http://localhost:5000/api/v1/health[39m
2025-11-08 15:26:50 [32minfo[39m: [32m MongoDB connecté: localhost[39m
2025-11-08 15:27:07 [32minfo[39m: [32m Serveur démarré sur le port 5000[39m
2025-11-08 15:27:07 [32minfo[39m: [32m Environnement: development[39m
2025-11-08 15:27:07 [32minfo[39m: [32m URL: http://localhost:5000[39m
2025-11-08 15:27:07 [32minfo[39m: [32m Health check: http://localhost:5000/api/v1/health[39m
2025-11-08 15:27:07 [32minfo[39m: [32m MongoDB connecté: localhost[39m
2025-11-08 15:27:16 [32minfo[39m: [32m Serveur démarré sur le port 5000[39m
2025-11-08 15:27:16 [32minfo[39m: [32m Environnement: development[39m
2025-11-08 15:27:16 [32minfo[39m: [32m URL: http://localhost:5000[39m
2025-11-08 15:27:16 [32minfo[39m: [32m Health check: http://localhost:5000/api/v1/health[39m
2025-11-08 15:27:16 [32minfo[39m: [32m MongoDB connecté: localhost[39m
2025-11-08 15:27:18 [32minfo[39m: [32m Serveur démarré sur le port 5000[39m
2025-11-08 15:27:18 [32minfo[39m: [32m Environnement: development[39m
2025-11-08 15:27:18 [32minfo[39m: [32m URL: http://localhost:5000[39m
2025-11-08 15:27:18 [32minfo[39m: [32m Health check: http://localhost:5000/api/v1/health[39m
2025-11-08 15:27:18 [32minfo[39m: [32m MongoDB connecté: localhost[39m
2025-11-08 15:27:28 [32minfo[39m: [32m Serveur démarré sur le port 5000[39m
2025-11-08 15:27:28 [32minfo[39m: [32m Environnement: development[39m
2025-11-08 15:27:28 [32minfo[39m: [32m URL: http://localhost:5000[39m
2025-11-08 15:27:28 [32minfo[39m: [32m Health check: http://localhost:5000/api/v1/health[39m
2025-11-08 15:27:28 [32minfo[39m: [32m MongoDB connecté: localhost[39m
2025-11-08 15:27:33 [32minfo[39m: [32m Serveur démarré sur le port 5000[39m
2025-11-08 15:27:33 [32minfo[39m: [32m Environnement: development[39m
2025-11-08 15:27:33 [32minfo[39m: [32m URL: http://localhost:5000[39m
2025-11-08 15:27:33 [32minfo[39m: [32m Health check: http://localhost:5000/api/v1/health[39m
2025-11-08 15:27:33 [32minfo[39m: [32m MongoDB connecté: localhost[39m
2025-11-08 15:28:35 [31merror[39m: [31mToken expiré[39m
2025-11-08 15:28:49 [32minfo[39m: [32mConnexion réussie: ali@gmail.com[39m
2025-11-08 15:29:08 [32minfo[39m: [32mSession Checkout créée: cs_test_b1WYttIzW1LURk8hE7s9DnCjFTwEugqOwqlbSiVsxbmXary9Pzy2TOpeRX pour user ali@gmail.com[39m
2025-11-08 15:39:06 [32minfo[39m: [32m Serveur démarré sur le port 5000[39m
2025-11-08 15:39:06 [32minfo[39m: [32m Environnement: development[39m
2025-11-08 15:39:06 [32minfo[39m: [32m URL: http://localhost:5000[39m
2025-11-08 15:39:06 [32minfo[39m: [32m Health check: http://localhost:5000/api/v1/health[39m
2025-11-08 15:39:06 [32minfo[39m: [32m MongoDB connecté: localhost[39m
2025-11-08 15:39:11 [32minfo[39m: [32mSession Checkout créée: cs_test_b1RH8ro0O4gJdAIU4KxLPkKfi7Tbjub7Z9itok8MenQfOLAuDaDR9gD0kl pour user ali@gmail.com[39m
2025-11-08 15:40:38 [31merror[39m: [31mWebhook signature invalide: Webhook payload must be provided as a string or a Buffer (https://nodejs.org/api/buffer.html) instance representing the _raw_ request body.Payload was provided as a parsed JavaScript object instead. [39m
[31mSignature verification is impossible without access to the original signed material. [39m

[31mLearn more about webhook signing and explore webhook integration examples for various frameworks at https://docs.stripe.com/webhooks/signature[39m
[31m[39m
2025-11-08 15:40:38 [31merror[39m: [31mWebhook signature invalide: Webhook payload must be provided as a string or a Buffer (https://nodejs.org/api/buffer.html) instance representing the _raw_ request body.Payload was provided as a parsed JavaScript object instead. [39m
[31mSignature verification is impossible without access to the original signed material. [39m

[31mLearn more about webhook signing and explore webhook integration examples for various frameworks at https://docs.stripe.com/webhooks/signature[39m
[31m[39m
2025-11-08 15:40:38 [31merror[39m: [31mWebhook signature invalide: Webhook payload must be provided as a string or a Buffer (https://nodejs.org/api/buffer.html) instance representing the _raw_ request body.Payload was provided as a parsed JavaScript object instead. [39m
[31mSignature verification is impossible without access to the original signed material. [39m

[31mLearn more about webhook signing and explore webhook integration examples for various frameworks at https://docs.stripe.com/webhooks/signature[39m
[31m[39m
2025-11-08 15:40:38 [31merror[39m: [31mWebhook signature invalide: Webhook payload must be provided as a string or a Buffer (https://nodejs.org/api/buffer.html) instance representing the _raw_ request body.Payload was provided as a parsed JavaScript object instead. [39m
[31mSignature verification is impossible without access to the original signed material. [39m

[31mLearn more about webhook signing and explore webhook integration examples for various frameworks at https://docs.stripe.com/webhooks/signature[39m
[31m[39m
2025-11-08 15:40:38 [31merror[39m: [31mWebhook signature invalide: Webhook payload must be provided as a string or a Buffer (https://nodejs.org/api/buffer.html) instance representing the _raw_ request body.Payload was provided as a parsed JavaScript object instead. [39m
[31mSignature verification is impossible without access to the original signed material. [39m

[31mLearn more about webhook signing and explore webhook integration examples for various frameworks at https://docs.stripe.com/webhooks/signature[39m
[31m[39m
2025-11-08 15:40:38 [31merror[39m: [31mWebhook signature invalide: Webhook payload must be provided as a string or a Buffer (https://nodejs.org/api/buffer.html) instance representing the _raw_ request body.Payload was provided as a parsed JavaScript object instead. [39m
[31mSignature verification is impossible without access to the original signed material. [39m

[31mLearn more about webhook signing and explore webhook integration examples for various frameworks at https://docs.stripe.com/webhooks/signature[39m
[31m[39m
2025-11-08 15:40:38 [31merror[39m: [31mWebhook signature invalide: Webhook payload must be provided as a string or a Buffer (https://nodejs.org/api/buffer.html) instance representing the _raw_ request body.Payload was provided as a parsed JavaScript object instead. [39m
[31mSignature verification is impossible without access to the original signed material. [39m

[31mLearn more about webhook signing and explore webhook integration examples for various frameworks at https://docs.stripe.com/webhooks/signature[39m
[31m[39m
2025-11-08 15:40:39 [31merror[39m: [31mWebhook signature invalide: Webhook payload must be provided as a string or a Buffer (https://nodejs.org/api/buffer.html) instance representing the _raw_ request body.Payload was provided as a parsed JavaScript object instead. [39m
[31mSignature verification is impossible without access to the original signed material. [39m

[31mLearn more about webhook signing and explore webhook integration examples for various frameworks at https://docs.stripe.com/webhooks/signature[39m
[31m[39m
2025-11-08 15:40:39 [31merror[39m: [31mWebhook signature invalide: Webhook payload must be provided as a string or a Buffer (https://nodejs.org/api/buffer.html) instance representing the _raw_ request body.Payload was provided as a parsed JavaScript object instead. [39m
[31mSignature verification is impossible without access to the original signed material. [39m

[31mLearn more about webhook signing and explore webhook integration examples for various frameworks at https://docs.stripe.com/webhooks/signature[39m
[31m[39m
2025-11-08 15:40:39 [31merror[39m: [31mWebhook signature invalide: Webhook payload must be provided as a string or a Buffer (https://nodejs.org/api/buffer.html) instance representing the _raw_ request body.Payload was provided as a parsed JavaScript object instead. [39m
[31mSignature verification is impossible without access to the original signed material. [39m

[31mLearn more about webhook signing and explore webhook integration examples for various frameworks at https://docs.stripe.com/webhooks/signature[39m
[31m[39m
2025-11-08 15:40:39 [31merror[39m: [31mWebhook signature invalide: Webhook payload must be provided as a string or a Buffer (https://nodejs.org/api/buffer.html) instance representing the _raw_ request body.Payload was provided as a parsed JavaScript object instead. [39m
[31mSignature verification is impossible without access to the original signed material. [39m

[31mLearn more about webhook signing and explore webhook integration examples for various frameworks at https://docs.stripe.com/webhooks/signature[39m
[31m[39m
2025-11-08 15:40:40 [31merror[39m: [31mWebhook signature invalide: Webhook payload must be provided as a string or a Buffer (https://nodejs.org/api/buffer.html) instance representing the _raw_ request body.Payload was provided as a parsed JavaScript object instead. [39m
[31mSignature verification is impossible without access to the original signed material. [39m

[31mLearn more about webhook signing and explore webhook integration examples for various frameworks at https://docs.stripe.com/webhooks/signature[39m
[31m[39m
2025-11-08 15:41:03 [31merror[39m: [31mWebhook signature invalide: Webhook payload must be provided as a string or a Buffer (https://nodejs.org/api/buffer.html) instance representing the _raw_ request body.Payload was provided as a parsed JavaScript object instead. [39m
[31mSignature verification is impossible without access to the original signed material. [39m

[31mLearn more about webhook signing and explore webhook integration examples for various frameworks at https://docs.stripe.com/webhooks/signature[39m
[31m[39m
2025-11-08 15:45:29 [32minfo[39m: [32m Serveur démarré sur le port 5000[39m
2025-11-08 15:45:29 [32minfo[39m: [32m Environnement: development[39m
2025-11-08 15:45:29 [32minfo[39m: [32m URL: http://localhost:5000[39m
2025-11-08 15:45:29 [32minfo[39m: [32m Health check: http://localhost:5000/api/v1/health[39m
2025-11-08 15:45:29 [32minfo[39m: [32m MongoDB connecté: localhost[39m
2025-11-08 15:45:32 [32minfo[39m: [32m Serveur démarré sur le port 5000[39m
2025-11-08 15:45:32 [32minfo[39m: [32m Environnement: development[39m
2025-11-08 15:45:32 [32minfo[39m: [32m URL: http://localhost:5000[39m
2025-11-08 15:45:32 [32minfo[39m: [32m Health check: http://localhost:5000/api/v1/health[39m
2025-11-08 15:45:32 [32minfo[39m: [32m MongoDB connecté: localhost[39m
2025-11-08 15:45:40 [31merror[39m: [31mToken expiré[39m
2025-11-08 15:46:02 [32minfo[39m: [32mConnexion réussie: ali@gmail.com[39m
2025-11-08 15:46:24 [32minfo[39m: [32mSession Checkout créée: cs_test_b1i8BkapnAtKV17Hw6BxHFlsW8TWfyjZxtaVQCUcbyi6DbxoO1DgLiJkMR pour user ali@gmail.com[39m
2025-11-08 15:46:52 [32minfo[39m: [32mWebhook reçu: charge.succeeded[39m
2025-11-08 15:46:53 [32minfo[39m: [32mWebhook reçu: payment_method.attached[39m
2025-11-08 15:46:53 [32minfo[39m: [32mWebhook reçu: customer.created[39m
2025-11-08 15:46:53 [32minfo[39m: [32mWebhook reçu: customer.updated[39m
2025-11-08 15:46:53 [32minfo[39m: [32mWebhook reçu: customer.subscription.created[39m
2025-11-08 15:46:53 [32minfo[39m: [32mWebhook reçu: checkout.session.completed[39m
2025-11-08 15:46:53 [32minfo[39m: [32mWebhook reçu: payment_intent.succeeded[39m
2025-11-08 15:46:53 [32minfo[39m: [32mWebhook reçu: payment_intent.created[39m
2025-11-08 15:46:53 [32minfo[39m: [32mWebhook reçu: invoice.created[39m
2025-11-08 15:46:53 [32minfo[39m: [32mWebhook reçu: invoice.finalized[39m
2025-11-08 15:46:53 [32minfo[39m: [32mWebhook reçu: invoice.paid[39m
2025-11-08 15:46:53 [32minfo[39m: [32mWebhook reçu: invoice.payment_succeeded[39m
2025-11-08 15:46:53 [31merror[39m: [31mErreur traitement webhook: User validation failed: premiumExpiresAt: Cast to date failed for value "Invalid Date" (type Date) at path "premiumExpiresAt"[39m
2025-11-08 15:46:59 [32minfo[39m: [32mWebhook reçu: invoice_payment.paid[39m
2025-11-08 15:53:07 [32minfo[39m: [32m Serveur démarré sur le port 5000[39m
2025-11-08 15:53:07 [32minfo[39m: [32m Environnement: development[39m
2025-11-08 15:53:07 [32minfo[39m: [32m URL: http://localhost:5000[39m
2025-11-08 15:53:07 [32minfo[39m: [32m Health check: http://localhost:5000/api/v1/health[39m
2025-11-08 15:53:07 [32minfo[39m: [32m MongoDB connecté: localhost[39m
2025-11-08 15:53:24 [32minfo[39m: [32mSession Checkout créée: cs_test_b1B5wezRpHOpaISdRiV74bCO8zfeRYFDGjH6UPCqA5z1QfBulEK8iXlQzQ pour user ali@gmail.com[39m
2025-11-08 15:53:56 [32minfo[39m: [32mWebhook reçu: charge.succeeded[39m
2025-11-08 15:53:56 [32minfo[39m: [32mWebhook reçu: payment_method.attached[39m
2025-11-08 15:53:56 [32minfo[39m: [32mWebhook reçu: checkout.session.completed[39m
2025-11-08 15:53:56 [32minfo[39m: [32mWebhook reçu: customer.created[39m
2025-11-08 15:53:56 [32minfo[39m: [32mWebhook reçu: customer.updated[39m
2025-11-08 15:53:56 [32minfo[39m: [32mWebhook reçu: customer.subscription.created[39m
2025-11-08 15:53:56 [32minfo[39m: [32mWebhook reçu: payment_intent.succeeded[39m
2025-11-08 15:53:56 [32minfo[39m: [32mWebhook reçu: payment_intent.created[39m
2025-11-08 15:53:56 [31merror[39m: [31m[STRIPE] Subscription sans current_period_end pour user ali@gmail.com[39m
2025-11-08 15:53:56 [32minfo[39m: [32mWebhook reçu: invoice.created[39m
2025-11-08 15:53:56 [32minfo[39m: [32mWebhook reçu: invoice.finalized[39m
2025-11-08 15:53:56 [32minfo[39m: [32mWebhook reçu: invoice.paid[39m
2025-11-08 15:53:56 [32minfo[39m: [32mWebhook reçu: invoice.payment_succeeded[39m
2025-11-08 15:54:05 [32minfo[39m: [32mWebhook reçu: invoice_payment.paid[39m
2025-11-08 15:56:19 [32minfo[39m: [32m Serveur démarré sur le port 5000[39m
2025-11-08 15:56:19 [32minfo[39m: [32m Environnement: development[39m
2025-11-08 15:56:19 [32minfo[39m: [32m URL: http://localhost:5000[39m
2025-11-08 15:56:19 [32minfo[39m: [32m Health check: http://localhost:5000/api/v1/health[39m
2025-11-08 15:56:19 [32minfo[39m: [32m MongoDB connecté: localhost[39m
2025-11-08 15:56:41 [32minfo[39m: [32m Serveur démarré sur le port 5000[39m
2025-11-08 15:56:41 [32minfo[39m: [32m Environnement: development[39m
2025-11-08 15:56:41 [32minfo[39m: [32m URL: http://localhost:5000[39m
2025-11-08 15:56:41 [32minfo[39m: [32m Health check: http://localhost:5000/api/v1/health[39m
2025-11-08 15:56:41 [32minfo[39m: [32m MongoDB connecté: localhost[39m
2025-11-08 15:57:00 [32minfo[39m: [32mSession Checkout créée: cs_test_b1FUst4mTNSNwd5m1BNRDYGpTc0maMyCA4d2CVaizZUFJTTtt0bKuncAhZ pour user ali@gmail.com[39m
2025-11-08 15:57:38 [32minfo[39m: [32mWebhook reçu: charge.succeeded[39m
2025-11-08 15:57:38 [32minfo[39m: [32mWebhook reçu: payment_method.attached[39m
2025-11-08 15:57:38 [32minfo[39m: [32mWebhook reçu: customer.created[39m
2025-11-08 15:57:38 [32minfo[39m: [32mWebhook reçu: customer.updated[39m
2025-11-08 15:57:39 [32minfo[39m: [32mWebhook reçu: customer.subscription.created[39m
2025-11-08 15:57:39 [32minfo[39m: [32mWebhook reçu: payment_intent.succeeded[39m
2025-11-08 15:57:39 [32minfo[39m: [32mWebhook reçu: payment_intent.created[39m
2025-11-08 15:57:39 [32minfo[39m: [32mWebhook reçu: checkout.session.completed[39m
2025-11-08 15:57:39 [32minfo[39m: [32mWebhook reçu: invoice.created[39m
2025-11-08 15:57:39 [32minfo[39m: [32mWebhook reçu: invoice.finalized[39m
2025-11-08 15:57:39 [32minfo[39m: [32mWebhook reçu: invoice.paid[39m
2025-11-08 15:57:39 [32minfo[39m: [32mWebhook reçu: invoice.payment_succeeded[39m
2025-11-08 15:57:39 [31merror[39m: [31m[STRIPE] Subscription sans current_period_end pour user ali@gmail.com[39m
2025-11-08 15:58:03 [32minfo[39m: [32mWebhook reçu: invoice_payment.paid[39m
2025-11-08 15:58:12 [32minfo[39m: [32mWebhook reçu: invoice_payment.paid[39m
2025-11-09 11:59:02 [33mwarn[39m: [33m MongoDB déconnecté[39m
2025-11-09 13:16:37 [32minfo[39m: [32m Serveur démarré sur le port 5000[39m
2025-11-09 13:16:37 [32minfo[39m: [32m Environnement: development[39m
2025-11-09 13:16:37 [32minfo[39m: [32m URL: http://localhost:5000[39m
2025-11-09 13:16:37 [32minfo[39m: [32m Health check: http://localhost:5000/api/v1/health[39m
2025-11-09 13:16:37 [32minfo[39m: [32m MongoDB connecté: localhost[39m
2025-11-09 14:48:56 [32minfo[39m: [32m Serveur démarré sur le port 5000[39m
2025-11-09 14:48:56 [32minfo[39m: [32m Environnement: development[39m
2025-11-09 14:48:56 [32minfo[39m: [32m URL: http://localhost:5000[39m
2025-11-09 14:48:56 [32minfo[39m: [32m Health check: http://localhost:5000/api/v1/health[39m
2025-11-09 14:48:56 [32minfo[39m: [32m MongoDB connecté: localhost[39m
2025-11-09 14:48:56 [31merror[39m: [31mCet email est déjà utilisé[39m
2025-11-09 14:49:02 [31merror[39m: [31mCet email est déjà utilisé[39m
2025-11-09 14:49:10 [31merror[39m: [31mCet email est déjà utilisé[39m
2025-11-09 14:49:20 [32minfo[39m: [32mNouvel utilisateur créé: nouhasmaili@gmail.com[39m
2025-11-09 14:49:45 [32minfo[39m: [32mConnexion réussie: nouhasmaili@gmail.com[39m
2025-11-09 15:33:42 [32minfo[39m: [32mConnexion réussie: nouhasmaili@gmail.com[39m
2025-11-09 15:46:22 [32minfo[39m: [32mConnexion réussie: nouhasmaili@gmail.com[39m
2025-11-09 15:58:37 [32minfo[39m: [32mConnexion réussie: nouhasmaili@gmail.com[39m
2025-11-09 16:07:07 [32minfo[39m: [32mConnexion réussie: nouhasmaili@gmail.com[39m
2025-11-09 16:08:45 [32minfo[39m: [32mConnexion réussie: nouhasmaili@gmail.com[39m
2025-11-09 16:16:49 [32minfo[39m: [32mConnexion réussie: nouhasmaili@gmail.com[39m
2025-11-09 16:18:52 [32minfo[39m: [32mConnexion réussie: nouhasmaili@gmail.com[39m
2025-11-09 16:22:15 [32minfo[39m: [32mConnexion réussie: nouhasmaili@gmail.com[39m
2025-11-09 16:27:16 [32minfo[39m: [32mConnexion réussie: nouhasmaili@gmail.com[39m
2025-11-09 16:32:11 [31merror[39m: [31mEmail ou mot de passe incorrect[39m
2025-11-09 16:32:17 [32minfo[39m: [32mConnexion réussie: nouhasmaili@gmail.com[39m
2025-11-09 16:32:27 [31merror[39m: [31mAccès refusé. Token manquant[39m
2025-11-09 16:50:54 [32minfo[39m: [32mConnexion réussie: nouhasmaili@gmail.com[39m
2025-11-09 16:51:04 [31merror[39m: [31mAccès refusé. Token manquant[39m
2025-11-09 16:51:17 [31merror[39m: [31mAccès refusé. Token manquant[39m
2025-11-09 16:52:27 [31merror[39m: [31mAccès refusé. Token manquant[39m
2025-11-09 17:01:49 [32minfo[39m: [32mConnexion réussie: nouhasmaili@gmail.com[39m
2025-11-09 17:02:03 [31merror[39m: [31mLe plan est requis, Plan invalide. Choix: monthly, quarterly, yearly[39m
2025-11-09 17:07:45 [32minfo[39m: [32m Serveur démarré sur le port 5000[39m
2025-11-09 17:07:45 [32minfo[39m: [32m Environnement: development[39m
2025-11-09 17:07:45 [32minfo[39m: [32m URL: http://localhost:5000[39m
2025-11-09 17:07:45 [32minfo[39m: [32m Health check: http://localhost:5000/api/v1/health[39m
2025-11-09 17:07:45 [32minfo[39m: [32m MongoDB connecté: localhost[39m
2025-11-09 17:07:48 [32minfo[39m: [32mConnexion réussie: nouhasmaili@gmail.com[39m
2025-11-09 17:10:14 [32minfo[39m: [32mConnexion réussie: nouhasmaili@gmail.com[39m
2025-11-09 17:10:25 [31merror[39m: [31mPlan invalide. Choix: monthly, quarterly, yearly[39m
2025-11-09 17:11:32 [31merror[39m: [31mPlan invalide. Choix: monthly, quarterly, yearly[39m
2025-11-09 17:14:26 [31merror[39m: [31mAccès refusé. Token manquant[39m
2025-11-09 17:16:27 [31merror[39m: [31mRoute non trouvée: /api/v1/auth[39m
2025-11-09 17:17:06 [32minfo[39m: [32mConnexion réussie: nouhasmaili@gmail.com[39m
2025-11-09 17:17:43 [31merror[39m: [31mAccès refusé. Token manquant[39m
2025-11-09 17:17:54 [31merror[39m: [31mAccès refusé. Token manquant[39m
2025-11-09 17:18:04 [31merror[39m: [31mAccès refusé. Token manquant[39m
2025-11-09 17:19:07 [31merror[39m: [31mPlan invalide. Choix: monthly, quarterly, yearly[39m
2025-11-09 17:19:30 [31merror[39m: [31mPlan invalide. Choix: monthly, quarterly, yearly[39m
2025-11-09 17:20:10 [31merror[39m: [31mPlan invalide. Choix: monthly, quarterly, yearly[39m
2025-11-09 17:20:19 [31merror[39m: [31mPlan invalide. Choix: monthly, quarterly, yearly[39m
2025-11-09 17:28:30 [31merror[39m: [31mPlan invalide. Choix: monthly, quarterly, yearly[39m
2025-11-09 17:30:38 [32minfo[39m: [32m Serveur démarré sur le port 5000[39m
2025-11-09 17:30:38 [32minfo[39m: [32m Environnement: development[39m
2025-11-09 17:30:38 [32minfo[39m: [32m URL: http://localhost:5000[39m
2025-11-09 17:30:38 [32minfo[39m: [32m Health check: http://localhost:5000/api/v1/health[39m
2025-11-09 17:30:38 [32minfo[39m: [32m MongoDB connecté: localhost[39m
2025-11-09 17:30:42 [31merror[39m: [31mPlan invalide. Choix: monthly, quarterly, yearly[39m
2025-11-09 17:30:46 [31merror[39m: [31mPlan invalide. Choix: monthly, quarterly, yearly[39m
2025-11-09 17:31:05 [32minfo[39m: [32m Serveur démarré sur le port 5000[39m
2025-11-09 17:31:05 [32minfo[39m: [32m Environnement: development[39m
2025-11-09 17:31:05 [32minfo[39m: [32m URL: http://localhost:5000[39m
2025-11-09 17:31:05 [32minfo[39m: [32m Health check: http://localhost:5000/api/v1/health[39m
2025-11-09 17:31:05 [32minfo[39m: [32m MongoDB connecté: localhost[39m
2025-11-09 17:31:09 [31merror[39m: [31mCannot read properties of undefined (reading 'id')[39m
2025-11-09 17:31:26 [31merror[39m: [31mCannot read properties of undefined (reading 'id')[39m
2025-11-09 17:34:24 [31merror[39m: [31mCannot read properties of undefined (reading 'id')[39m
2025-11-09 17:34:34 [32minfo[39m: [32m Serveur démarré sur le port 5000[39m
2025-11-09 17:34:34 [32minfo[39m: [32m Environnement: development[39m
2025-11-09 17:34:34 [32minfo[39m: [32m URL: http://localhost:5000[39m
2025-11-09 17:34:34 [32minfo[39m: [32m Health check: http://localhost:5000/api/v1/health[39m
2025-11-09 17:34:34 [32minfo[39m: [32m MongoDB connecté: localhost[39m
2025-11-09 17:34:42 [31merror[39m: [31mToken expiré[39m
2025-11-09 17:35:12 [32minfo[39m: [32mConnexion réussie: nouhasmaili@gmail.com[39m
2025-11-09 17:35:56 [31merror[39m: [31mLe plan est requis, Plan invalide. Choix: monthly, quarterly, yearly[39m
2025-11-09 17:36:52 [31merror[39m: [31mLe plan est requis, Plan invalide. Choix: monthly, quarterly, yearly[39m
2025-11-09 17:37:28 [31merror[39m: [31mLe plan est requis, Plan invalide. Choix: monthly, quarterly, yearly[39m
2025-11-09 17:38:42 [31merror[39m: [31mPlan invalide. Choix: monthly, quarterly, yearly[39m
2025-11-09 17:43:52 [31merror[39m: [31mPlan invalide. Choix: monthly, quarterly, yearly[39m
2025-11-09 17:47:28 [32minfo[39m: [32m Serveur démarré sur le port 5000[39m
2025-11-09 17:47:28 [32minfo[39m: [32m Environnement: development[39m
2025-11-09 17:47:28 [32minfo[39m: [32m URL: http://localhost:5000[39m
2025-11-09 17:47:28 [32minfo[39m: [32m Health check: http://localhost:5000/api/v1/health[39m
2025-11-09 17:47:28 [32minfo[39m: [32m MongoDB connecté: localhost[39m
2025-11-09 17:47:35 [32minfo[39m: [32mSession Checkout créée: cs_test_b1NyNBwxIMK9Gf7R8XMeHkUXzIKR7hXf3Ku6BEoRNGm4oGCUyb01nLwch7 pour user nouhasmaili@gmail.com[39m
2025-11-09 17:52:10 [32minfo[39m: [32mConnexion réussie: nouhasmaili@gmail.com[39m
2025-11-09 17:52:23 [32minfo[39m: [32mSession Checkout créée: cs_test_b191qo7tWVSTsFFiNayNaC2YE2X3Ve3nnC8LwFGrHaNzo4cJdxL1yOIwnz pour user nouhasmaili@gmail.com[39m
2025-11-09 18:04:38 [32minfo[39m: [32mSession Checkout créée: cs_test_b1E1VwqYsKAMMXwGCct6wP60utuw8P2H0Q00JVQ7spTjk0mzpVvm4l0kvO pour user nouhasmaili@gmail.com[39m
2025-11-09 18:06:48 [32minfo[39m: [32mSession Checkout créée: cs_test_b1lAvr0BUQLDmXEGN4xCGlCVCaLrWf2W22kFy0Htp0QkN0QILdQuBRVMRS pour user nouhasmaili@gmail.com[39m
2025-11-09 18:11:59 [32minfo[39m: [32m Serveur démarré sur le port 5000[39m
2025-11-09 18:11:59 [32minfo[39m: [32m Environnement: development[39m
2025-11-09 18:11:59 [32minfo[39m: [32m URL: http://localhost:5000[39m
2025-11-09 18:11:59 [32minfo[39m: [32m Health check: http://localhost:5000/api/v1/health[39m
2025-11-09 18:11:59 [32minfo[39m: [32m MongoDB connecté: localhost[39m
2025-11-09 18:12:08 [32minfo[39m: [32m Serveur démarré sur le port 5000[39m
2025-11-09 18:12:08 [32minfo[39m: [32m Environnement: development[39m
2025-11-09 18:12:08 [32minfo[39m: [32m URL: http://localhost:5000[39m
2025-11-09 18:12:08 [32minfo[39m: [32m Health check: http://localhost:5000/api/v1/health[39m
2025-11-09 18:12:08 [32minfo[39m: [32m MongoDB connecté: localhost[39m
2025-11-09 18:12:35 [32minfo[39m: [32mConnexion réussie: nouhasmaili@gmail.com[39m
2025-11-09 18:12:46 [32minfo[39m: [32mSession Checkout créée: cs_test_b1c24JymErLs6skrW4SLeYctuwoy4HYVPgzUdoeKiJozNPp50W8FfI44XM pour user nouhasmaili@gmail.com[39m
2025-11-09 18:15:24 [32minfo[39m: [32mSession Checkout créée: cs_test_b16sS95e4OqE96h0VZIWPb2zonUN2eJLb2Y69dyT6IYQyUseOGEdj7Isvd pour user nouhasmaili@gmail.com[39m
2025-11-09 18:18:02 [32minfo[39m: [32m Serveur démarré sur le port 5000[39m
2025-11-09 18:18:02 [32minfo[39m: [32m Environnement: development[39m
2025-11-09 18:18:02 [32minfo[39m: [32m URL: http://localhost:5000[39m
2025-11-09 18:18:02 [32minfo[39m: [32m Health check: http://localhost:5000/api/v1/health[39m
2025-11-09 18:18:02 [32minfo[39m: [32m MongoDB connecté: localhost[39m
2025-11-09 18:18:16 [32minfo[39m: [32mSession Checkout créée: cs_test_b1W38wNkt6vYAtIfoh2HMdMWkUesXW8zW1ytlTezM2JiICtTVPh3BDxOzD pour user nouhasmaili@gmail.com[39m
2025-11-09 18:24:39 [32minfo[39m: [32m Serveur démarré sur le port 5000[39m
2025-11-09 18:24:39 [32minfo[39m: [32m Environnement: development[39m
2025-11-09 18:24:39 [32minfo[39m: [32m URL: http://localhost:5000[39m
2025-11-09 18:24:39 [32minfo[39m: [32m Health check: http://localhost:5000/api/v1/health[39m
2025-11-09 18:24:39 [32minfo[39m: [32m MongoDB connecté: localhost[39m
2025-11-09 18:24:42 [32minfo[39m: [32mSession Checkout créée: cs_test_b1NVfvSYWMcGSuKDreF6MsovQciVCGBGOaOXoDTQvUKS68LseT5DOxpU1d pour user nouhasmaili@gmail.com[39m
2025-11-09 18:29:37 [32minfo[39m: [32mConnexion réussie: nouhasmaili@gmail.com[39m
2025-11-09 18:29:49 [32minfo[39m: [32mSession Checkout créée: cs_test_b17rsBZr3mwFlR9aAGr9n6J41t0xUPlpCGl1mTjklQoqVgwHsQUjRwQPOT pour user nouhasmaili@gmail.com[39m
2025-11-09 18:31:03 [32minfo[39m: [32m Serveur démarré sur le port 5000[39m
2025-11-09 18:31:03 [32minfo[39m: [32m Environnement: development[39m
2025-11-09 18:31:03 [32minfo[39m: [32m URL: http://localhost:5000[39m
2025-11-09 18:31:03 [32minfo[39m: [32m Health check: http://localhost:5000/api/v1/health[39m
2025-11-09 18:31:03 [32minfo[39m: [32m MongoDB connecté: localhost[39m
2025-11-09 18:31:18 [32minfo[39m: [32mSession Checkout créée: cs_test_b1SQHW9WzqzGCJVQ4ghOHXVn1MW7M6tblm6CQbJeAAyLgFJPFwJ8wQ0PkI pour user nouhasmaili@gmail.com[39m
2025-11-09 18:34:25 [32minfo[39m: [32m Serveur démarré sur le port 5000[39m
2025-11-09 18:34:25 [32minfo[39m: [32m Environnement: development[39m
2025-11-09 18:34:25 [32minfo[39m: [32m URL: http://localhost:5000[39m
2025-11-09 18:34:25 [32minfo[39m: [32m Health check: http://localhost:5000/api/v1/health[39m
2025-11-09 18:34:25 [32minfo[39m: [32m MongoDB connecté: localhost[39m
2025-11-09 18:34:41 [32minfo[39m: [32mSession Checkout créée: cs_test_b131ymTzMAYsL4M6JP0TyB7wbVg6juABwq8QZPaxBFS35vks8ZyD5VEyR3 pour user nouhasmaili@gmail.com[39m
2025-11-09 18:36:14 [32minfo[39m: [32m Serveur démarré sur le port 5000[39m
2025-11-09 18:36:14 [32minfo[39m: [32m Environnement: development[39m
2025-11-09 18:36:14 [32minfo[39m: [32m URL: http://localhost:5000[39m
2025-11-09 18:36:14 [32minfo[39m: [32m Health check: http://localhost:5000/api/v1/health[39m
2025-11-09 18:36:14 [32minfo[39m: [32m MongoDB connecté: localhost[39m
2025-11-09 18:36:20 [32minfo[39m: [32mSession Checkout créée: cs_test_b1SfC0lVGs57NpotPZae4DRGcQy0FXQcVxpLfoCETcuvYApdCFMPsIzccl pour user nouhasmaili@gmail.com[39m
2025-11-09 18:38:57 [32minfo[39m: [32m Serveur démarré sur le port 5000[39m
2025-11-09 18:38:57 [32minfo[39m: [32m Environnement: development[39m
2025-11-09 18:38:57 [32minfo[39m: [32m URL: http://localhost:5000[39m
2025-11-09 18:38:57 [32minfo[39m: [32m Health check: http://localhost:5000/api/v1/health[39m
2025-11-09 18:38:57 [32minfo[39m: [32m MongoDB connecté: localhost[39m
2025-11-09 18:39:02 [32minfo[39m: [32mSession Checkout créée: cs_test_b1SLklw4uHoqj4NFu6bfst14wueBq07KgT3r8JWldhVRe1MlQPNZvrttk2 pour user nouhasmaili@gmail.com[39m
2025-11-09 18:43:01 [32minfo[39m: [32mSession Checkout créée: cs_test_b14WDScotD54TTodgU7EClyaSIU6vh2UuPG8Xz6BL9JZxHgxjmLTx0BbmR pour user nouhasmaili@gmail.com[39m
2025-11-09 15:57:27 [32minfo[39m: [32m Serveur démarré sur le port 5000[39m
2025-11-09 15:57:27 [32minfo[39m: [32m Environnement: development[39m
2025-11-09 15:57:27 [32minfo[39m: [32m URL: http://localhost:5000[39m
2025-11-09 15:57:27 [32minfo[39m: [32m Health check: http://localhost:5000/api/v1/health[39m
2025-11-09 15:57:27 [32minfo[39m: [32m MongoDB connecté: 127.0.0.1[39m
2025-11-09 15:58:36 [31merror[39m: [31mRoute non trouvée: /favicon.ico[39m
2025-11-09 16:07:18 [31merror[39m: [31mLe mot de passe doit contenir au moins une majuscule, une minuscule et un chiffre[39m
2025-11-09 16:07:25 [31merror[39m: [31mLe mot de passe doit contenir au moins une majuscule, une minuscule et un chiffre[39m
2025-11-09 16:07:30 [31merror[39m: [31mLe mot de passe doit contenir au moins une majuscule, une minuscule et un chiffre[39m
2025-11-09 16:07:36 [31merror[39m: [31mLe mot de passe doit contenir au moins une majuscule, une minuscule et un chiffre[39m
2025-11-09 16:07:46 [31merror[39m: [31mLe mot de passe doit contenir au moins une majuscule, une minuscule et un chiffre[39m
2025-11-09 16:08:07 [32minfo[39m: [32mNouvel utilisateur créé: aze@zzz.com[39m
2025-11-09 16:08:24 [32minfo[39m: [32mConnexion réussie: aze@zzz.com[39m
2025-11-09 17:12:44 [32minfo[39m: [32mConnexion réussie: aze@zzz.com[39m
2025-11-09 17:33:02 [31merror[39m: [31mRoute non trouvée: /api/v1/[39m
2025-11-09 19:07:02 [32minfo[39m: [32m Serveur démarré sur le port 5000[39m
2025-11-09 19:07:02 [32minfo[39m: [32m Environnement: development[39m
2025-11-09 19:07:02 [32minfo[39m: [32m URL: http://localhost:5000[39m
2025-11-09 19:07:02 [32minfo[39m: [32m Health check: http://localhost:5000/api/v1/health[39m
2025-11-09 19:07:02 [32minfo[39m: [32m MongoDB connecté: localhost[39m
2025-11-09 19:08:40 [32minfo[39m: [32mConnexion réussie: youssef@gmail.com[39m
2025-11-09 19:27:04 [32minfo[39m: [32m Serveur démarré sur le port 5000[39m
2025-11-09 19:27:04 [32minfo[39m: [32m Environnement: development[39m
2025-11-09 19:27:04 [32minfo[39m: [32m URL: http://localhost:5000[39m
2025-11-09 19:27:04 [32minfo[39m: [32m Health check: http://localhost:5000/api/v1/health[39m
2025-11-09 19:27:04 [32minfo[39m: [32m MongoDB connecté: localhost[39m
2025-11-09 19:28:57 [32minfo[39m: [32mConnexion réussie: youssef@gmail.com[39m
2025-11-09 19:29:46 [32minfo[39m: [32mSession Checkout créée: cs_test_b1TiEzU7zMeifjaw8Ta27g5jb7HUA6cX37cgy1ydKeWsJn6ReNqL6m8LdU pour user youssef@gmail.com[39m
2025-11-09 19:40:37 [32minfo[39m: [32mConnexion réussie: youssef@gmail.com[39m
2025-11-09 19:42:50 [32minfo[39m: [32mSession Checkout créée: cs_test_b10W7IpWBa0aXvLVvr4TTxvJQYQBTAlD7hZy8qtzhNZu7NewWYIOsVPmHH pour user youssef@gmail.com[39m
2025-11-09 20:18:11 [32minfo[39m: [32mConnexion réussie: youssef@gmail.com[39m
2025-11-09 20:18:18 [32minfo[39m: [32mSession Checkout créée: cs_test_b1X6By5LXKTn7SOlabvKPKatXxXyAeqm0lrVbj32cWCqs6NJhD9VkDjc8o pour user youssef@gmail.com[39m
2025-11-09 20:20:59 [32minfo[39m: [32mConnexion réussie: youssef@gmail.com[39m
2025-11-09 20:27:59 [32minfo[39m: [32mConnexion réussie: youssef@gmail.com[39m
2025-11-09 20:49:30 [32minfo[39m: [32m Serveur démarré sur le port 5000[39m
2025-11-09 20:49:30 [32minfo[39m: [32m Environnement: development[39m
2025-11-09 20:49:30 [32minfo[39m: [32m URL: http://localhost:5000[39m
2025-11-09 20:49:30 [32minfo[39m: [32m Health check: http://localhost:5000/api/v1/health[39m
2025-11-09 20:49:30 [32minfo[39m: [32m MongoDB connecté: localhost[39m
2025-11-09 20:49:36 [32minfo[39m: [32m Serveur démarré sur le port 5000[39m
2025-11-09 20:49:36 [32minfo[39m: [32m Environnement: development[39m
2025-11-09 20:49:36 [32minfo[39m: [32m URL: http://localhost:5000[39m
2025-11-09 20:49:36 [32minfo[39m: [32m Health check: http://localhost:5000/api/v1/health[39m
2025-11-09 20:49:36 [32minfo[39m: [32m MongoDB connecté: localhost[39m
2025-11-09 20:49:56 [32minfo[39m: [32m Serveur démarré sur le port 5000[39m
2025-11-09 20:49:56 [32minfo[39m: [32m Environnement: development[39m
2025-11-09 20:49:56 [32minfo[39m: [32m URL: http://localhost:5000[39m
2025-11-09 20:49:56 [32minfo[39m: [32m Health check: http://localhost:5000/api/v1/health[39m
2025-11-09 20:49:56 [32minfo[39m: [32m MongoDB connecté: localhost[39m
2025-11-09 20:49:59 [32minfo[39m: [32m Serveur démarré sur le port 5000[39m
2025-11-09 20:49:59 [32minfo[39m: [32m Environnement: development[39m
2025-11-09 20:49:59 [32minfo[39m: [32m URL: http://localhost:5000[39m
2025-11-09 20:49:59 [32minfo[39m: [32m Health check: http://localhost:5000/api/v1/health[39m
2025-11-09 20:49:59 [32minfo[39m: [32m MongoDB connecté: localhost[39m
2025-11-09 20:50:02 [32minfo[39m: [32m Serveur démarré sur le port 5000[39m
2025-11-09 20:50:02 [32minfo[39m: [32m Environnement: development[39m
2025-11-09 20:50:02 [32minfo[39m: [32m URL: http://localhost:5000[39m
2025-11-09 20:50:02 [32minfo[39m: [32m Health check: http://localhost:5000/api/v1/health[39m
2025-11-09 20:50:02 [32minfo[39m: [32m MongoDB connecté: localhost[39m
2025-11-09 20:50:40 [32minfo[39m: [32m Serveur démarré sur le port 5000[39m
2025-11-09 20:50:40 [32minfo[39m: [32m Environnement: development[39m
2025-11-09 20:50:40 [32minfo[39m: [32m URL: http://localhost:5000[39m
2025-11-09 20:50:40 [32minfo[39m: [32m Health check: http://localhost:5000/api/v1/health[39m
2025-11-09 20:50:40 [32minfo[39m: [32m MongoDB connecté: localhost[39m
2025-11-09 20:50:48 [32minfo[39m: [32m Serveur démarré sur le port 5000[39m
2025-11-09 20:50:48 [32minfo[39m: [32m Environnement: development[39m
2025-11-09 20:50:48 [32minfo[39m: [32m URL: http://localhost:5000[39m
2025-11-09 20:50:48 [32minfo[39m: [32m Health check: http://localhost:5000/api/v1/health[39m
2025-11-09 20:50:48 [32minfo[39m: [32m MongoDB connecté: localhost[39m
2025-11-09 20:50:50 [32minfo[39m: [32m Serveur démarré sur le port 5000[39m
2025-11-09 20:50:50 [32minfo[39m: [32m Environnement: development[39m
2025-11-09 20:50:50 [32minfo[39m: [32m URL: http://localhost:5000[39m
2025-11-09 20:50:50 [32minfo[39m: [32m Health check: http://localhost:5000/api/v1/health[39m
2025-11-09 20:50:50 [32minfo[39m: [32m MongoDB connecté: localhost[39m
2025-11-09 20:50:52 [32minfo[39m: [32m Serveur démarré sur le port 5000[39m
2025-11-09 20:50:52 [32minfo[39m: [32m Environnement: development[39m
2025-11-09 20:50:52 [32minfo[39m: [32m URL: http://localhost:5000[39m
2025-11-09 20:50:52 [32minfo[39m: [32m Health check: http://localhost:5000/api/v1/health[39m
2025-11-09 20:50:52 [32minfo[39m: [32m MongoDB connecté: localhost[39m
2025-11-09 21:08:38 [32minfo[39m: [32mConnexion réussie: youssef@gmail.com[39m
2025-11-09 21:08:59 [32minfo[39m: [32mSession Checkout créée: cs_test_b1519XKdqHj9YagwIUklyV3RNbZmRWDnaQ0EEXL0UrhIqcSTy8Hj6cT6za pour user youssef@gmail.com[39m
2025-11-09 21:09:31 [32minfo[39m: [32mSession Checkout créée: cs_test_b1rzsuIynFDN7TXuoUB7nQLlyEeIqJlXHyuN4NMbhScIpEFQKzMLhVSRfm pour user youssef@gmail.com[39m
2025-11-09 21:16:55 [32minfo[39m: [32m Serveur démarré sur le port 5000[39m
2025-11-09 21:16:55 [32minfo[39m: [32m Environnement: development[39m
2025-11-09 21:16:55 [32minfo[39m: [32m URL: http://localhost:5000[39m
2025-11-09 21:16:55 [32minfo[39m: [32m Health check: http://localhost:5000/api/v1/health[39m
2025-11-09 21:16:55 [32minfo[39m: [32m MongoDB connecté: localhost[39m
2025-11-09 21:18:47 [32minfo[39m: [32m Serveur démarré sur le port 5000[39m
2025-11-09 21:18:47 [32minfo[39m: [32m Environnement: development[39m
2025-11-09 21:18:47 [32minfo[39m: [32m URL: http://localhost:5000[39m
2025-11-09 21:18:47 [32minfo[39m: [32m Health check: http://localhost:5000/api/v1/health[39m
2025-11-09 21:18:47 [32minfo[39m: [32m MongoDB connecté: localhost[39m
2025-11-09 21:18:59 [32minfo[39m: [32m Serveur démarré sur le port 5000[39m
2025-11-09 21:18:59 [32minfo[39m: [32m Environnement: development[39m
2025-11-09 21:18:59 [32minfo[39m: [32m URL: http://localhost:5000[39m
2025-11-09 21:18:59 [32minfo[39m: [32m Health check: http://localhost:5000/api/v1/health[39m
2025-11-09 21:18:59 [32minfo[39m: [32m MongoDB connecté: localhost[39m
2025-11-09 21:19:01 [32minfo[39m: [32m Serveur démarré sur le port 5000[39m
2025-11-09 21:19:01 [32minfo[39m: [32m Environnement: development[39m
2025-11-09 21:19:01 [32minfo[39m: [32m URL: http://localhost:5000[39m
2025-11-09 21:19:01 [32minfo[39m: [32m Health check: http://localhost:5000/api/v1/health[39m
2025-11-09 21:19:01 [32minfo[39m: [32m MongoDB connecté: localhost[39m
2025-11-09 21:19:26 [32minfo[39m: [32m Serveur démarré sur le port 5000[39m
2025-11-09 21:19:26 [32minfo[39m: [32m Environnement: development[39m
2025-11-09 21:19:26 [32minfo[39m: [32m URL: http://localhost:5000[39m
2025-11-09 21:19:26 [32minfo[39m: [32m Health check: http://localhost:5000/api/v1/health[39m
2025-11-09 21:19:26 [32minfo[39m: [32m MongoDB connecté: localhost[39m
2025-11-09 21:19:36 [32minfo[39m: [32m Serveur démarré sur le port 5000[39m
2025-11-09 21:19:36 [32minfo[39m: [32m Environnement: development[39m
2025-11-09 21:19:36 [32minfo[39m: [32m URL: http://localhost:5000[39m
2025-11-09 21:19:36 [32minfo[39m: [32m Health check: http://localhost:5000/api/v1/health[39m
2025-11-09 21:19:36 [32minfo[39m: [32m MongoDB connecté: localhost[39m
2025-11-09 21:19:48 [32minfo[39m: [32m Serveur démarré sur le port 5000[39m
2025-11-09 21:19:48 [32minfo[39m: [32m Environnement: development[39m
2025-11-09 21:19:48 [32minfo[39m: [32m URL: http://localhost:5000[39m
2025-11-09 21:19:48 [32minfo[39m: [32m Health check: http://localhost:5000/api/v1/health[39m
2025-11-09 21:19:48 [32minfo[39m: [32m MongoDB connecté: localhost[39m
2025-11-09 21:20:03 [32minfo[39m: [32m Serveur démarré sur le port 5000[39m
2025-11-09 21:20:03 [32minfo[39m: [32m Environnement: development[39m
2025-11-09 21:20:03 [32minfo[39m: [32m URL: http://localhost:5000[39m
2025-11-09 21:20:03 [32minfo[39m: [32m Health check: http://localhost:5000/api/v1/health[39m
2025-11-09 21:20:03 [32minfo[39m: [32m MongoDB connecté: localhost[39m
2025-11-09 21:20:05 [32minfo[39m: [32m Serveur démarré sur le port 5000[39m
2025-11-09 21:20:05 [32minfo[39m: [32m Environnement: development[39m
2025-11-09 21:20:05 [32minfo[39m: [32m URL: http://localhost:5000[39m
2025-11-09 21:20:05 [32minfo[39m: [32m Health check: http://localhost:5000/api/v1/health[39m
2025-11-09 21:20:05 [32minfo[39m: [32m MongoDB connecté: localhost[39m
2025-11-09 21:20:36 [32minfo[39m: [32m Serveur démarré sur le port 5000[39m
2025-11-09 21:20:36 [32minfo[39m: [32m Environnement: development[39m
2025-11-09 21:20:36 [32minfo[39m: [32m URL: http://localhost:5000[39m
2025-11-09 21:20:36 [32minfo[39m: [32m Health check: http://localhost:5000/api/v1/health[39m
2025-11-09 21:20:36 [32minfo[39m: [32m MongoDB connecté: localhost[39m
2025-11-09 21:21:25 [32minfo[39m: [32m Serveur démarré sur le port 5000[39m
2025-11-09 21:21:25 [32minfo[39m: [32m Environnement: development[39m
2025-11-09 21:21:25 [32minfo[39m: [32m URL: http://localhost:5000[39m
2025-11-09 21:21:25 [32minfo[39m: [32m Health check: http://localhost:5000/api/v1/health[39m
2025-11-09 21:21:25 [32minfo[39m: [32m MongoDB connecté: localhost[39m
2025-11-09 21:21:28 [32minfo[39m: [32m Serveur démarré sur le port 5000[39m
2025-11-09 21:21:28 [32minfo[39m: [32m Environnement: development[39m
2025-11-09 21:21:28 [32minfo[39m: [32m URL: http://localhost:5000[39m
2025-11-09 21:21:28 [32minfo[39m: [32m Health check: http://localhost:5000/api/v1/health[39m
2025-11-09 21:21:28 [32minfo[39m: [32m MongoDB connecté: localhost[39m
2025-11-09 21:22:16 [32minfo[39m: [32m Serveur démarré sur le port 5000[39m
2025-11-09 21:22:16 [32minfo[39m: [32m Environnement: development[39m
2025-11-09 21:22:16 [32minfo[39m: [32m URL: http://localhost:5000[39m
2025-11-09 21:22:16 [32minfo[39m: [32m Health check: http://localhost:5000/api/v1/health[39m
2025-11-09 21:22:16 [32minfo[39m: [32m MongoDB connecté: localhost[39m
2025-11-09 21:28:52 [32minfo[39m: [32m Serveur démarré sur le port 5000[39m
2025-11-09 21:28:52 [32minfo[39m: [32m Environnement: development[39m
2025-11-09 21:28:52 [32minfo[39m: [32m URL: http://localhost:5000[39m
2025-11-09 21:28:52 [32minfo[39m: [32m Health check: http://localhost:5000/api/v1/health[39m
2025-11-09 21:28:52 [32minfo[39m: [32m MongoDB connecté: localhost[39m
2025-11-09 21:29:08 [32minfo[39m: [32m Serveur démarré sur le port 5000[39m
2025-11-09 21:29:08 [32minfo[39m: [32m Environnement: development[39m
2025-11-09 21:29:08 [32minfo[39m: [32m URL: http://localhost:5000[39m
2025-11-09 21:29:08 [32minfo[39m: [32m Health check: http://localhost:5000/api/v1/health[39m
2025-11-09 21:29:08 [32minfo[39m: [32m MongoDB connecté: localhost[39m
2025-11-09 21:31:54 [32minfo[39m: [32m Serveur démarré sur le port 5000[39m
2025-11-09 21:31:54 [32minfo[39m: [32m Environnement: development[39m
2025-11-09 21:31:54 [32minfo[39m: [32m URL: http://localhost:5000[39m
2025-11-09 21:31:54 [32minfo[39m: [32m Health check: http://localhost:5000/api/v1/health[39m
2025-11-09 21:31:54 [32minfo[39m: [32m MongoDB connecté: localhost[39m
2025-11-09 21:32:00 [32minfo[39m: [32m Serveur démarré sur le port 5000[39m
2025-11-09 21:32:00 [32minfo[39m: [32m Environnement: development[39m
2025-11-09 21:32:00 [32minfo[39m: [32m URL: http://localhost:5000[39m
2025-11-09 21:32:00 [32minfo[39m: [32m Health check: http://localhost:5000/api/v1/health[39m
2025-11-09 21:32:00 [32minfo[39m: [32m MongoDB connecté: localhost[39m
2025-11-09 21:32:05 [32minfo[39m: [32m Serveur démarré sur le port 5000[39m
2025-11-09 21:32:05 [32minfo[39m: [32m Environnement: development[39m
2025-11-09 21:32:05 [32minfo[39m: [32m URL: http://localhost:5000[39m
2025-11-09 21:32:05 [32minfo[39m: [32m Health check: http://localhost:5000/api/v1/health[39m
2025-11-09 21:32:05 [32minfo[39m: [32m MongoDB connecté: localhost[39m
2025-11-09 21:32:07 [32minfo[39m: [32m Serveur démarré sur le port 5000[39m
2025-11-09 21:32:07 [32minfo[39m: [32m Environnement: development[39m
2025-11-09 21:32:07 [32minfo[39m: [32m URL: http://localhost:5000[39m
2025-11-09 21:32:07 [32minfo[39m: [32m Health check: http://localhost:5000/api/v1/health[39m
2025-11-09 21:32:07 [32minfo[39m: [32m MongoDB connecté: localhost[39m
2025-11-09 21:32:11 [32minfo[39m: [32m Serveur démarré sur le port 5000[39m
2025-11-09 21:32:11 [32minfo[39m: [32m Environnement: development[39m
2025-11-09 21:32:11 [32minfo[39m: [32m URL: http://localhost:5000[39m
2025-11-09 21:32:11 [32minfo[39m: [32m Health check: http://localhost:5000/api/v1/health[39m
2025-11-09 21:32:11 [32minfo[39m: [32m MongoDB connecté: localhost[39m
2025-11-09 21:32:14 [32minfo[39m: [32m Serveur démarré sur le port 5000[39m
2025-11-09 21:32:14 [32minfo[39m: [32m Environnement: development[39m
2025-11-09 21:32:14 [32minfo[39m: [32m URL: http://localhost:5000[39m
2025-11-09 21:32:14 [32minfo[39m: [32m Health check: http://localhost:5000/api/v1/health[39m
2025-11-09 21:32:14 [32minfo[39m: [32m MongoDB connecté: localhost[39m
2025-11-09 21:32:16 [32minfo[39m: [32m Serveur démarré sur le port 5000[39m
2025-11-09 21:32:16 [32minfo[39m: [32m Environnement: development[39m
2025-11-09 21:32:16 [32minfo[39m: [32m URL: http://localhost:5000[39m
2025-11-09 21:32:16 [32minfo[39m: [32m Health check: http://localhost:5000/api/v1/health[39m
2025-11-09 21:32:16 [32minfo[39m: [32m MongoDB connecté: localhost[39m
2025-11-09 21:32:18 [32minfo[39m: [32m Serveur démarré sur le port 5000[39m
2025-11-09 21:32:18 [32minfo[39m: [32m Environnement: development[39m
2025-11-09 21:32:18 [32minfo[39m: [32m URL: http://localhost:5000[39m
2025-11-09 21:32:18 [32minfo[39m: [32m Health check: http://localhost:5000/api/v1/health[39m
2025-11-09 21:32:18 [32minfo[39m: [32m MongoDB connecté: localhost[39m
2025-11-09 21:32:19 [32minfo[39m: [32m Serveur démarré sur le port 5000[39m
2025-11-09 21:32:19 [32minfo[39m: [32m Environnement: development[39m
2025-11-09 21:32:19 [32minfo[39m: [32m URL: http://localhost:5000[39m
2025-11-09 21:32:19 [32minfo[39m: [32m Health check: http://localhost:5000/api/v1/health[39m
2025-11-09 21:32:19 [32minfo[39m: [32m MongoDB connecté: localhost[39m
2025-11-09 21:32:24 [32minfo[39m: [32m Serveur démarré sur le port 5000[39m
2025-11-09 21:32:24 [32minfo[39m: [32m Environnement: development[39m
2025-11-09 21:32:24 [32minfo[39m: [32m URL: http://localhost:5000[39m
2025-11-09 21:32:24 [32minfo[39m: [32m Health check: http://localhost:5000/api/v1/health[39m
2025-11-09 21:32:24 [32minfo[39m: [32m MongoDB connecté: localhost[39m
2025-11-09 21:32:29 [32minfo[39m: [32m Serveur démarré sur le port 5000[39m
2025-11-09 21:32:29 [32minfo[39m: [32m Environnement: development[39m
2025-11-09 21:32:29 [32minfo[39m: [32m URL: http://localhost:5000[39m
2025-11-09 21:32:29 [32minfo[39m: [32m Health check: http://localhost:5000/api/v1/health[39m
2025-11-09 21:32:29 [32minfo[39m: [32m MongoDB connecté: localhost[39m
2025-11-09 21:32:34 [32minfo[39m: [32m Serveur démarré sur le port 5000[39m
2025-11-09 21:32:34 [32minfo[39m: [32m Environnement: development[39m
2025-11-09 21:32:34 [32minfo[39m: [32m URL: http://localhost:5000[39m
2025-11-09 21:32:34 [32minfo[39m: [32m Health check: http://localhost:5000/api/v1/health[39m
2025-11-09 21:32:34 [32minfo[39m: [32m MongoDB connecté: localhost[39m
2025-11-09 21:32:43 [32minfo[39m: [32m Serveur démarré sur le port 5000[39m
2025-11-09 21:32:43 [32minfo[39m: [32m Environnement: development[39m
2025-11-09 21:32:43 [32minfo[39m: [32m URL: http://localhost:5000[39m
2025-11-09 21:32:43 [32minfo[39m: [32m Health check: http://localhost:5000/api/v1/health[39m
2025-11-09 21:32:43 [32minfo[39m: [32m MongoDB connecté: localhost[39m
2025-11-09 21:32:48 [32minfo[39m: [32m Serveur démarré sur le port 5000[39m
2025-11-09 21:32:48 [32minfo[39m: [32m Environnement: development[39m
2025-11-09 21:32:48 [32minfo[39m: [32m URL: http://localhost:5000[39m
2025-11-09 21:32:48 [32minfo[39m: [32m Health check: http://localhost:5000/api/v1/health[39m
2025-11-09 21:32:48 [32minfo[39m: [32m MongoDB connecté: localhost[39m
2025-11-09 21:32:53 [32minfo[39m: [32m Serveur démarré sur le port 5000[39m
2025-11-09 21:32:53 [32minfo[39m: [32m Environnement: development[39m
2025-11-09 21:32:53 [32minfo[39m: [32m URL: http://localhost:5000[39m
2025-11-09 21:32:53 [32minfo[39m: [32m Health check: http://localhost:5000/api/v1/health[39m
2025-11-09 21:32:53 [32minfo[39m: [32m MongoDB connecté: localhost[39m
2025-11-09 21:39:25 [32minfo[39m: [32m Serveur démarré sur le port 5000[39m
2025-11-09 21:39:25 [32minfo[39m: [32m Environnement: development[39m
2025-11-09 21:39:25 [32minfo[39m: [32m URL: http://localhost:5000[39m
2025-11-09 21:39:25 [32minfo[39m: [32m Health check: http://localhost:5000/api/v1/health[39m
2025-11-09 21:39:25 [32minfo[39m: [32m MongoDB connecté: localhost[39m
2025-11-09 21:39:43 [32minfo[39m: [32m Serveur démarré sur le port 5000[39m
2025-11-09 21:39:43 [32minfo[39m: [32m Environnement: development[39m
2025-11-09 21:39:43 [32minfo[39m: [32m URL: http://localhost:5000[39m
2025-11-09 21:39:43 [32minfo[39m: [32m Health check: http://localhost:5000/api/v1/health[39m
2025-11-09 21:39:43 [32minfo[39m: [32m MongoDB connecté: localhost[39m
2025-11-09 21:42:56 [32minfo[39m: [32mConnexion réussie: youssef@gmail.com[39m
