2025-10-13 13:09:06 [31merror[39m: [31mRoute non trouvée: /inscription[39m
2025-10-13 13:09:49 [31merror[39m: [31mRoute non trouvée: /inscription[39m
2025-10-13 13:13:38 [31merror[39m: [31mRoute non trouvée: /favicon.ico[39m
2025-10-13 13:13:56 [31merror[39m: [31mRoute non trouvée: /index.html[39m
2025-10-13 13:14:24 [31merror[39m: [31mRoute non trouvée: /inscription[39m
2025-10-13 13:20:20 [31merror[39m: [31mRoute non trouvée: /inscription[39m
2025-10-13 13:21:26 [31merror[39m: [31mRoute non trouvée: /inscription[39m
2025-10-13 13:22:10 [31merror[39m: [31mRoute non trouvée: /inscription[39m
2025-10-13 13:22:41 [31merror[39m: [31mRoute non trouvée: /inscription[39m
2025-10-13 13:22:51 [31merror[39m: [31mRoute non trouvée: /inscription[39m
2025-10-19 15:49:13 [31merror[39m: [31mRoute non trouvée: /favicon.ico[39m
2025-10-19 15:49:19 [31merror[39m: [31mRoute non trouvée: /favicon.ico[39m
2025-10-19 15:49:41 [31merror[39m: [31mRoute non trouvée: /api/v1/health/google/callback[39m
2025-10-19 16:34:57 [31merror[39m: [31mRoute non trouvée: /favicon.ico[39m
2025-10-19 16:35:04 [31merror[39m: [31mRoute non trouvée: /.well-known/appspecific/com.chrome.devtools.json[39m
2025-10-19 16:35:23 [31merror[39m: [31mRoute non trouvée: /.well-known/appspecific/com.chrome.devtools.json[39m
2025-10-19 16:35:24 [31merror[39m: [31mRoute non trouvée: /.well-known/appspecific/com.chrome.devtools.json[39m
2025-10-19 16:38:03 [31merror[39m: [31mRoute non trouvée: /.well-known/appspecific/com.chrome.devtools.json[39m
2025-10-19 16:38:09 [31merror[39m: [31mRoute non trouvée: /.well-known/appspecific/com.chrome.devtools.json[39m
2025-10-19 16:38:09 [31merror[39m: [31mRoute non trouvée: /.well-known/appspecific/com.chrome.devtools.json[39m
2025-10-19 19:03:57 [31merror[39m: [31mRoute non trouvée: /api/v1/auth/facebook/callback[39m
2025-10-19 19:04:15 [31merror[39m: [31mRoute non trouvée: /api/v1/auth/facebook[39m
2025-10-19 19:04:17 [31merror[39m: [31mRoute non trouvée: /api/v1/auth/facebook[39m
2025-10-19 19:04:37 [31merror[39m: [31mRoute non trouvée: /api/v1/auth/facebook[39m
2025-10-19 19:04:53 [31merror[39m: [31mRoute non trouvée: /favicon.ico[39m
2025-10-19 19:05:34 [31merror[39m: [31mRoute non trouvée: /api/v1/auth/facebook[39m
2025-10-19 19:08:14 [31merror[39m: [31mRoute non trouvée: /api/v1/auth/facebook[39m
2025-10-19 19:08:48 [31merror[39m: [31mRoute non trouvée: /api/v1/auth/facebook[39m
2025-10-19 19:09:24 [31merror[39m: [31mRoute non trouvée: /api/v1/auth/login[39m
2025-10-20 11:27:30 [31merror[39m: [31mRoute non trouvée: /favicon.ico[39m
2025-11-08 13:28:01 [31merror[39m: [31mAccès refusé. Token manquant[39m
2025-11-08 13:29:38 [31merror[39m: [31mLe mot de passe doit contenir au moins 6 caractères, Le mot de passe doit contenir au moins une majuscule, une minuscule et un chiffre[39m
2025-11-08 13:29:44 [31merror[39m: [31mLe mot de passe doit contenir au moins une majuscule, une minuscule et un chiffre[39m
2025-11-08 13:32:27 [31merror[39m: [31mL'email est requis, Email invalide, Le mot de passe est requis[39m
2025-11-08 13:34:10 [31merror[39m: [31mFormat audio invalide (wav/mp3/ogg)[39m
2025-11-08 15:26:08 [31merror[39m: [31mRoute non trouvée: /favicon.ico[39m
2025-11-08 15:26:17 [31merror[39m: [31mRoute non trouvée: /api/v1/billing/checkout[39m
2025-11-08 15:28:35 [31merror[39m: [31mToken expiré[39m
